<?xml version="1.0" encoding="UTF-8"?>
<robot generator="Robot 3.0.2 (Jython 2.7.0 on java1.8.0_144)" generated="20171121 14:54:34.175">
<suite source="D:\Data\VWissink\Documents\Framework Tries\BaselineProjectRobotSeleniumJava\src\test\robotframework\acceptance" name="Acceptance" id="s1">
<suite source="D:\Data\VWissink\Documents\Framework Tries\BaselineProjectRobotSeleniumJava\src\test\robotframework\acceptance\IntegrationTests.txt" name="IntegrationTests" id="s1-s1">
<test name="Get server version" id="s1-s1-t1">
<kw type="setup" name="Clear Database">
<kw library="HttpRequestLibrary" name="Create Session">
<doc>Create a HTTP session to a server</doc>
<arguments>
<arg>CRUDAppTeardown</arg>
<arg>http://localhost:8080/SpringBootCRUDApp/api</arg>
<arg>debug=True</arg>
</arguments>
<status endtime="20171121 14:54:35.178" starttime="20171121 14:54:34.657" status="PASS"></status>
</kw>
<kw library="HttpRequestLibrary" name="Delete Request">
<doc> Send a DELETE request on the session object found using the</doc>
<arguments>
<arg>CRUDAppTeardown</arg>
<arg>/user/</arg>
</arguments>
<assign>
<var>${resp}</var>
</assign>
<msg level="INFO" timestamp="20171121 14:54:35.266">${resp} = {"status_code":204,"headers":{"Date":"Tue, 21 Nov 2017 13:54:35 GMT"}}</msg>
<status endtime="20171121 14:54:35.267" starttime="20171121 14:54:35.180" status="PASS"></status>
</kw>
<kw library="BuiltIn" name="Should Be Equal As Strings">
<doc>Fails if objects are unequal after converting them to strings.</doc>
<arguments>
<arg>${resp.status_code}</arg>
<arg>204</arg>
</arguments>
<msg level="INFO" timestamp="20171121 14:54:35.272">Argument types are:
&lt;type 'int'&gt;
&lt;type 'unicode'&gt;</msg>
<status endtime="20171121 14:54:35.273" starttime="20171121 14:54:35.268" status="PASS"></status>
</kw>
<status endtime="20171121 14:54:35.275" starttime="20171121 14:54:34.654" status="PASS"></status>
</kw>
<kw library="HttpRequestLibrary" name="Create Session">
<doc>Create a HTTP session to a server</doc>
<arguments>
<arg>CRUDApp</arg>
<arg>http://localhost:8080/SpringBootCRUDApp/api</arg>
</arguments>
<status endtime="20171121 14:54:35.282" starttime="20171121 14:54:35.276" status="PASS"></status>
</kw>
<kw library="HttpRequestLibrary" name="Get Request">
<doc> Send a GET request on the session object found using the</doc>
<arguments>
<arg>CRUDApp</arg>
<arg>/version</arg>
</arguments>
<assign>
<var>${resp}</var>
</assign>
<msg level="INFO" timestamp="20171121 14:54:35.300">${resp} = {"status_code":200,"text":"1.0","content":"1.0","json":1.0,"headers":{"Content-Length":"3","Date":"Tue, 21 Nov 2017 13:54:35 GMT","Content-Type":"text/plain;charset\u003dUTF-8"}}</msg>
<status endtime="20171121 14:54:35.301" starttime="20171121 14:54:35.284" status="PASS"></status>
</kw>
<kw library="BuiltIn" name="Should Be Equal As Strings">
<doc>Fails if objects are unequal after converting them to strings.</doc>
<arguments>
<arg>${resp.status_code}</arg>
<arg>200</arg>
</arguments>
<msg level="INFO" timestamp="20171121 14:54:35.307">Argument types are:
&lt;type 'int'&gt;
&lt;type 'unicode'&gt;</msg>
<status endtime="20171121 14:54:35.309" starttime="20171121 14:54:35.303" status="PASS"></status>
</kw>
<kw library="BuiltIn" name="Should Be Equal As Strings">
<doc>Fails if objects are unequal after converting them to strings.</doc>
<arguments>
<arg>${resp.content}</arg>
<arg>1.0</arg>
</arguments>
<status endtime="20171121 14:54:35.316" starttime="20171121 14:54:35.311" status="PASS"></status>
</kw>
<tags>
<tag>GET</tag>
</tags>
<status critical="yes" endtime="20171121 14:54:35.317" starttime="20171121 14:54:34.649" status="PASS"></status>
</test>
<test name="Get User that does not exist" id="s1-s1-t2">
<kw type="setup" name="Clear Database">
<kw library="HttpRequestLibrary" name="Create Session">
<doc>Create a HTTP session to a server</doc>
<arguments>
<arg>CRUDAppTeardown</arg>
<arg>http://localhost:8080/SpringBootCRUDApp/api</arg>
<arg>debug=True</arg>
</arguments>
<status endtime="20171121 14:54:35.336" starttime="20171121 14:54:35.326" status="PASS"></status>
</kw>
<kw library="HttpRequestLibrary" name="Delete Request">
<doc> Send a DELETE request on the session object found using the</doc>
<arguments>
<arg>CRUDAppTeardown</arg>
<arg>/user/</arg>
</arguments>
<assign>
<var>${resp}</var>
</assign>
<msg level="INFO" timestamp="20171121 14:54:35.347">${resp} = {"status_code":204,"headers":{"Date":"Tue, 21 Nov 2017 13:54:35 GMT"}}</msg>
<status endtime="20171121 14:54:35.348" starttime="20171121 14:54:35.337" status="PASS"></status>
</kw>
<kw library="BuiltIn" name="Should Be Equal As Strings">
<doc>Fails if objects are unequal after converting them to strings.</doc>
<arguments>
<arg>${resp.status_code}</arg>
<arg>204</arg>
</arguments>
<msg level="INFO" timestamp="20171121 14:54:35.354">Argument types are:
&lt;type 'int'&gt;
&lt;type 'unicode'&gt;</msg>
<status endtime="20171121 14:54:35.357" starttime="20171121 14:54:35.350" status="PASS"></status>
</kw>
<status endtime="20171121 14:54:35.358" starttime="20171121 14:54:35.324" status="PASS"></status>
</kw>
<kw library="HttpRequestLibrary" name="Create Session">
<doc>Create a HTTP session to a server</doc>
<arguments>
<arg>CRUDApp</arg>
<arg>http://localhost:8080/SpringBootCRUDApp/api</arg>
<arg>debug=True</arg>
</arguments>
<status endtime="20171121 14:54:35.369" starttime="20171121 14:54:35.360" status="PASS"></status>
</kw>
<kw library="HttpRequestLibrary" name="Get Request">
<doc> Send a GET request on the session object found using the</doc>
<arguments>
<arg>CRUDApp</arg>
<arg>/user/1</arg>
</arguments>
<assign>
<var>${resp}</var>
</assign>
<msg level="INFO" timestamp="20171121 14:54:35.381">${resp} = {"status_code":404,"text":"{\"errorMessage\":\"User with id 1 not found\"}","content":"{\"errorMessage\":\"User with id 1 not found\"}","json":{"errorMessage":"User with id 1 not found"},"headers":{"T...</msg>
<status endtime="20171121 14:54:35.382" starttime="20171121 14:54:35.371" status="PASS"></status>
</kw>
<kw library="BuiltIn" name="Log">
<doc>Logs the given message with the given level.</doc>
<arguments>
<arg>${resp}</arg>
</arguments>
<msg level="INFO" timestamp="20171121 14:54:35.386">{"status_code":404,"text":"{\"errorMessage\":\"User with id 1 not found\"}","content":"{\"errorMessage\":\"User with id 1 not found\"}","json":{"errorMessage":"User with id 1 not found"},"headers":{"Transfer-Encoding":"chunked","Date":"Tue, 21 Nov 2017 13:54:35 GMT","Content-Type":"application/json;charset\u003dUTF-8"}}</msg>
<status endtime="20171121 14:54:35.387" starttime="20171121 14:54:35.383" status="PASS"></status>
</kw>
<kw library="BuiltIn" name="Should Be Equal As Strings">
<doc>Fails if objects are unequal after converting them to strings.</doc>
<arguments>
<arg>${resp.status_code}</arg>
<arg>404</arg>
</arguments>
<msg level="INFO" timestamp="20171121 14:54:35.392">Argument types are:
&lt;type 'int'&gt;
&lt;type 'unicode'&gt;</msg>
<status endtime="20171121 14:54:35.394" starttime="20171121 14:54:35.389" status="PASS"></status>
</kw>
<kw library="BuiltIn" name="Should Contain">
<doc>Fails if ``container`` does not contain ``item`` one or more times.</doc>
<arguments>
<arg>${resp.content}</arg>
<arg>not found</arg>
</arguments>
<status endtime="20171121 14:54:35.399" starttime="20171121 14:54:35.395" status="PASS"></status>
</kw>
<tags>
<tag>GET</tag>
</tags>
<status critical="yes" endtime="20171121 14:54:35.400" starttime="20171121 14:54:35.320" status="PASS"></status>
</test>
<test name="Get all users without users in database" id="s1-s1-t3">
<kw type="setup" name="Clear Database">
<kw library="HttpRequestLibrary" name="Create Session">
<doc>Create a HTTP session to a server</doc>
<arguments>
<arg>CRUDAppTeardown</arg>
<arg>http://localhost:8080/SpringBootCRUDApp/api</arg>
<arg>debug=True</arg>
</arguments>
<status endtime="20171121 14:54:35.421" starttime="20171121 14:54:35.410" status="PASS"></status>
</kw>
<kw library="HttpRequestLibrary" name="Delete Request">
<doc> Send a DELETE request on the session object found using the</doc>
<arguments>
<arg>CRUDAppTeardown</arg>
<arg>/user/</arg>
</arguments>
<assign>
<var>${resp}</var>
</assign>
<msg level="INFO" timestamp="20171121 14:54:35.435">${resp} = {"status_code":204,"headers":{"Date":"Tue, 21 Nov 2017 13:54:35 GMT"}}</msg>
<status endtime="20171121 14:54:35.436" starttime="20171121 14:54:35.422" status="PASS"></status>
</kw>
<kw library="BuiltIn" name="Should Be Equal As Strings">
<doc>Fails if objects are unequal after converting them to strings.</doc>
<arguments>
<arg>${resp.status_code}</arg>
<arg>204</arg>
</arguments>
<msg level="INFO" timestamp="20171121 14:54:35.444">Argument types are:
&lt;type 'int'&gt;
&lt;type 'unicode'&gt;</msg>
<status endtime="20171121 14:54:35.446" starttime="20171121 14:54:35.438" status="PASS"></status>
</kw>
<status endtime="20171121 14:54:35.448" starttime="20171121 14:54:35.408" status="PASS"></status>
</kw>
<kw library="HttpRequestLibrary" name="Create Session">
<doc>Create a HTTP session to a server</doc>
<arguments>
<arg>CRUDApp</arg>
<arg>http://localhost:8080/SpringBootCRUDApp/api</arg>
</arguments>
<status endtime="20171121 14:54:35.455" starttime="20171121 14:54:35.449" status="PASS"></status>
</kw>
<kw library="HttpRequestLibrary" name="Get Request">
<doc> Send a GET request on the session object found using the</doc>
<arguments>
<arg>CRUDApp</arg>
<arg>/user/</arg>
</arguments>
<assign>
<var>${resp}</var>
</assign>
<msg level="INFO" timestamp="20171121 14:54:35.465">${resp} = {"status_code":204,"headers":{"Date":"Tue, 21 Nov 2017 13:54:35 GMT"}}</msg>
<status endtime="20171121 14:54:35.466" starttime="20171121 14:54:35.457" status="PASS"></status>
</kw>
<kw library="BuiltIn" name="Should Be Equal As Strings">
<doc>Fails if objects are unequal after converting them to strings.</doc>
<arguments>
<arg>${resp.status_code}</arg>
<arg>204</arg>
</arguments>
<msg level="INFO" timestamp="20171121 14:54:35.472">Argument types are:
&lt;type 'int'&gt;
&lt;type 'unicode'&gt;</msg>
<status endtime="20171121 14:54:35.473" starttime="20171121 14:54:35.467" status="PASS"></status>
</kw>
<kw library="BuiltIn" name="Log">
<doc>Logs the given message with the given level.</doc>
<arguments>
<arg>${resp.content}</arg>
</arguments>
<msg level="INFO" timestamp="20171121 14:54:35.477">None</msg>
<status endtime="20171121 14:54:35.478" starttime="20171121 14:54:35.475" status="PASS"></status>
</kw>
<kw library="BuiltIn" name="Log">
<doc>Logs the given message with the given level.</doc>
<arguments>
<arg>${resp}</arg>
</arguments>
<msg level="INFO" timestamp="20171121 14:54:35.481">{"status_code":204,"headers":{"Date":"Tue, 21 Nov 2017 13:54:35 GMT"}}</msg>
<status endtime="20171121 14:54:35.481" starttime="20171121 14:54:35.479" status="PASS"></status>
</kw>
<tags>
<tag>GET</tag>
</tags>
<status critical="yes" endtime="20171121 14:54:35.482" starttime="20171121 14:54:35.403" status="PASS"></status>
</test>
<test name="Add User and check if it's added" id="s1-s1-t4">
<kw type="setup" name="Clear Database">
<kw library="HttpRequestLibrary" name="Create Session">
<doc>Create a HTTP session to a server</doc>
<arguments>
<arg>CRUDAppTeardown</arg>
<arg>http://localhost:8080/SpringBootCRUDApp/api</arg>
<arg>debug=True</arg>
</arguments>
<status endtime="20171121 14:54:35.496" starttime="20171121 14:54:35.487" status="PASS"></status>
</kw>
<kw library="HttpRequestLibrary" name="Delete Request">
<doc> Send a DELETE request on the session object found using the</doc>
<arguments>
<arg>CRUDAppTeardown</arg>
<arg>/user/</arg>
</arguments>
<assign>
<var>${resp}</var>
</assign>
<msg level="INFO" timestamp="20171121 14:54:35.504">${resp} = {"status_code":204,"headers":{"Date":"Tue, 21 Nov 2017 13:54:35 GMT"}}</msg>
<status endtime="20171121 14:54:35.505" starttime="20171121 14:54:35.497" status="PASS"></status>
</kw>
<kw library="BuiltIn" name="Should Be Equal As Strings">
<doc>Fails if objects are unequal after converting them to strings.</doc>
<arguments>
<arg>${resp.status_code}</arg>
<arg>204</arg>
</arguments>
<msg level="INFO" timestamp="20171121 14:54:35.509">Argument types are:
&lt;type 'int'&gt;
&lt;type 'unicode'&gt;</msg>
<status endtime="20171121 14:54:35.510" starttime="20171121 14:54:35.506" status="PASS"></status>
</kw>
<status endtime="20171121 14:54:35.511" starttime="20171121 14:54:35.486" status="PASS"></status>
</kw>
<kw library="HttpRequestLibrary" name="Create Session">
<doc>Create a HTTP session to a server</doc>
<arguments>
<arg>CRUDApp</arg>
<arg>http://localhost:8080/SpringBootCRUDApp/api</arg>
<arg>debug=True</arg>
</arguments>
<status endtime="20171121 14:54:35.521" starttime="20171121 14:54:35.513" status="PASS"></status>
</kw>
<kw library="BuiltIn" name="Set Test Variable">
<doc>Makes a variable available everywhere within the scope of the current test.</doc>
<arguments>
<arg>${data}</arg>
<arg>{"name" : "Henksaer", "age" : "24", "salary" : "20000"}</arg>
</arguments>
<msg level="INFO" timestamp="20171121 14:54:35.530">${data} = {"name" : "Henksaer", "age" : "24", "salary" : "20000"}</msg>
<status endtime="20171121 14:54:35.531" starttime="20171121 14:54:35.522" status="PASS"></status>
</kw>
<kw library="BuiltIn" name="Create Dictionary">
<doc>Creates and returns a dictionary based on the given ``items``.</doc>
<arguments>
<arg>Content-Type=application/json</arg>
</arguments>
<assign>
<var>&amp;{headers}</var>
</assign>
<msg level="INFO" timestamp="20171121 14:54:35.540">&amp;{headers} = { Content-Type=application/json }</msg>
<status endtime="20171121 14:54:35.541" starttime="20171121 14:54:35.533" status="PASS"></status>
</kw>
<kw library="HttpRequestLibrary" name="Post Request">
<doc> Send a POST request on the session object found using the</doc>
<arguments>
<arg>CRUDApp</arg>
<arg>/user/</arg>
<arg>data=${data}</arg>
<arg>headers=${headers}</arg>
</arguments>
<assign>
<var>${resp}</var>
</assign>
<msg level="INFO" timestamp="20171121 14:54:35.566">${resp} = {"status_code":201,"text":"","content":"","headers":{"Content-Length":"0","Date":"Tue, 21 Nov 2017 13:54:35 GMT","Location":"http://localhost:8080/SpringBootCRUDApp/api/user/295"}}</msg>
<status endtime="20171121 14:54:35.567" starttime="20171121 14:54:35.543" status="PASS"></status>
</kw>
<kw library="BuiltIn" name="Log">
<doc>Logs the given message with the given level.</doc>
<arguments>
<arg>${data}</arg>
</arguments>
<msg level="INFO" timestamp="20171121 14:54:35.569">{"name" : "Henksaer", "age" : "24", "salary" : "20000"}</msg>
<status endtime="20171121 14:54:35.570" starttime="20171121 14:54:35.568" status="PASS"></status>
</kw>
<kw library="BuiltIn" name="Log">
<doc>Logs the given message with the given level.</doc>
<arguments>
<arg>${resp}</arg>
</arguments>
<msg level="INFO" timestamp="20171121 14:54:35.573">{"status_code":201,"text":"","content":"","headers":{"Content-Length":"0","Date":"Tue, 21 Nov 2017 13:54:35 GMT","Location":"http://localhost:8080/SpringBootCRUDApp/api/user/295"}}</msg>
<status endtime="20171121 14:54:35.574" starttime="20171121 14:54:35.571" status="PASS"></status>
</kw>
<kw library="BuiltIn" name="Should Be Equal As Strings">
<doc>Fails if objects are unequal after converting them to strings.</doc>
<arguments>
<arg>${resp.status_code}</arg>
<arg>201</arg>
</arguments>
<msg level="INFO" timestamp="20171121 14:54:35.578">Argument types are:
&lt;type 'int'&gt;
&lt;type 'unicode'&gt;</msg>
<status endtime="20171121 14:54:35.579" starttime="20171121 14:54:35.575" status="PASS"></status>
</kw>
<kw library="HttpRequestLibrary" name="Get Request">
<doc> Send a GET request on the session object found using the</doc>
<arguments>
<arg>CRUDApp</arg>
<arg>/user/</arg>
</arguments>
<assign>
<var>${resp2}</var>
</assign>
<msg level="INFO" timestamp="20171121 14:54:35.586">${resp2} = {"status_code":200,"text":"[{\"id\":295,\"name\":\"Henksaer\",\"age\":24,\"salary\":20000.0}]","content":"[{\"id\":295,\"name\":\"Henksaer\",\"age\":24,\"salary\":20000.0}]","json":[{"id":295.0,"name"...</msg>
<status endtime="20171121 14:54:35.587" starttime="20171121 14:54:35.581" status="PASS"></status>
</kw>
<kw library="BuiltIn" name="Log">
<doc>Logs the given message with the given level.</doc>
<arguments>
<arg>${resp2}</arg>
</arguments>
<msg level="INFO" timestamp="20171121 14:54:35.591">{"status_code":200,"text":"[{\"id\":295,\"name\":\"Henksaer\",\"age\":24,\"salary\":20000.0}]","content":"[{\"id\":295,\"name\":\"Henksaer\",\"age\":24,\"salary\":20000.0}]","json":[{"id":295.0,"name":"Henksaer","age":24.0,"salary":20000.0}],"headers":{"Transfer-Encoding":"chunked","Content-Length":"0","Date":"Tue, 21 Nov 2017 13:54:35 GMT","Location":"http://localhost:8080/SpringBootCRUDApp/api/user/295","Content-Type":"application/json;charset\u003dUTF-8"}}</msg>
<status endtime="20171121 14:54:35.592" starttime="20171121 14:54:35.589" status="PASS"></status>
</kw>
<kw library="BuiltIn" name="Should Be Equal As Strings">
<doc>Fails if objects are unequal after converting them to strings.</doc>
<arguments>
<arg>${resp2.status_code}</arg>
<arg>200</arg>
</arguments>
<msg level="INFO" timestamp="20171121 14:54:35.599">Argument types are:
&lt;type 'int'&gt;
&lt;type 'unicode'&gt;</msg>
<status endtime="20171121 14:54:35.600" starttime="20171121 14:54:35.594" status="PASS"></status>
</kw>
<kw library="BuiltIn" name="Should Contain">
<doc>Fails if ``container`` does not contain ``item`` one or more times.</doc>
<arguments>
<arg>${resp2.content}</arg>
<arg>Henksaer</arg>
</arguments>
<status endtime="20171121 14:54:35.603" starttime="20171121 14:54:35.601" status="PASS"></status>
</kw>
<tags>
<tag>GET</tag>
</tags>
<status critical="yes" endtime="20171121 14:54:35.605" starttime="20171121 14:54:35.484" status="PASS"></status>
</test>
<test name="Add User without content" id="s1-s1-t5">
<kw type="setup" name="Clear Database">
<kw library="HttpRequestLibrary" name="Create Session">
<doc>Create a HTTP session to a server</doc>
<arguments>
<arg>CRUDAppTeardown</arg>
<arg>http://localhost:8080/SpringBootCRUDApp/api</arg>
<arg>debug=True</arg>
</arguments>
<status endtime="20171121 14:54:35.617" starttime="20171121 14:54:35.610" status="PASS"></status>
</kw>
<kw library="HttpRequestLibrary" name="Delete Request">
<doc> Send a DELETE request on the session object found using the</doc>
<arguments>
<arg>CRUDAppTeardown</arg>
<arg>/user/</arg>
</arguments>
<assign>
<var>${resp}</var>
</assign>
<msg level="INFO" timestamp="20171121 14:54:35.630">${resp} = {"status_code":204,"headers":{"Date":"Tue, 21 Nov 2017 13:54:35 GMT"}}</msg>
<status endtime="20171121 14:54:35.631" starttime="20171121 14:54:35.618" status="PASS"></status>
</kw>
<kw library="BuiltIn" name="Should Be Equal As Strings">
<doc>Fails if objects are unequal after converting them to strings.</doc>
<arguments>
<arg>${resp.status_code}</arg>
<arg>204</arg>
</arguments>
<msg level="INFO" timestamp="20171121 14:54:35.634">Argument types are:
&lt;type 'int'&gt;
&lt;type 'unicode'&gt;</msg>
<status endtime="20171121 14:54:35.635" starttime="20171121 14:54:35.631" status="PASS"></status>
</kw>
<status endtime="20171121 14:54:35.636" starttime="20171121 14:54:35.608" status="PASS"></status>
</kw>
<kw library="HttpRequestLibrary" name="Create Session">
<doc>Create a HTTP session to a server</doc>
<arguments>
<arg>CRUDApp</arg>
<arg>http://localhost:8080/SpringBootCRUDApp/api</arg>
<arg>debug=True</arg>
</arguments>
<status endtime="20171121 14:54:35.646" starttime="20171121 14:54:35.638" status="PASS"></status>
</kw>
<kw library="BuiltIn" name="Set Test Variable">
<doc>Makes a variable available everywhere within the scope of the current test.</doc>
<arguments>
<arg>${data}</arg>
<arg>{}</arg>
</arguments>
<msg level="INFO" timestamp="20171121 14:54:35.651">${data} = {}</msg>
<status endtime="20171121 14:54:35.651" starttime="20171121 14:54:35.647" status="PASS"></status>
</kw>
<kw library="BuiltIn" name="Create Dictionary">
<doc>Creates and returns a dictionary based on the given ``items``.</doc>
<arguments>
<arg>Content-Type=application/json</arg>
</arguments>
<assign>
<var>&amp;{headers}</var>
</assign>
<msg level="INFO" timestamp="20171121 14:54:35.657">&amp;{headers} = { Content-Type=application/json }</msg>
<status endtime="20171121 14:54:35.657" starttime="20171121 14:54:35.653" status="PASS"></status>
</kw>
<kw library="HttpRequestLibrary" name="Post Request">
<doc> Send a POST request on the session object found using the</doc>
<arguments>
<arg>CRUDApp</arg>
<arg>/user/</arg>
<arg>data=${data}</arg>
<arg>headers=${headers}</arg>
</arguments>
<assign>
<var>${resp}</var>
</assign>
<msg level="INFO" timestamp="20171121 14:54:35.679">${resp} = {"status_code":400,"text":"{\"timestamp\":1511272475675,\"status\":400,\"error\":\"Bad Request\",\"exception\":\"org.springframework.http.converter.HttpMessageNotReadableException\",\"message\":\"Requ...</msg>
<status endtime="20171121 14:54:35.680" starttime="20171121 14:54:35.659" status="PASS"></status>
</kw>
<kw library="BuiltIn" name="Log">
<doc>Logs the given message with the given level.</doc>
<arguments>
<arg>${data}</arg>
</arguments>
<msg level="INFO" timestamp="20171121 14:54:35.683">{}</msg>
<status endtime="20171121 14:54:35.684" starttime="20171121 14:54:35.681" status="PASS"></status>
</kw>
<kw library="BuiltIn" name="Log">
<doc>Logs the given message with the given level.</doc>
<arguments>
<arg>${resp}</arg>
</arguments>
<msg level="INFO" timestamp="20171121 14:54:35.687">{"status_code":400,"text":"{\"timestamp\":1511272475675,\"status\":400,\"error\":\"Bad Request\",\"exception\":\"org.springframework.http.converter.HttpMessageNotReadableException\",\"message\":\"Required request body is missing: public org.springframework.http.ResponseEntity\u003c?\u003e com.websystique.springboot.controller.RestApiController.createUser(com.websystique.springboot.model.User,org.springframework.web.util.UriComponentsBuilder)\",\"path\":\"/SpringBootCRUDApp/api/user/\"}","content":"{\"timestamp\":1511272475675,\"status\":400,\"error\":\"Bad Request\",\"exception\":\"org.springframework.http.converter.HttpMessageNotReadableException\",\"message\":\"Required request body is missing: public org.springframework.http.ResponseEntity\u003c?\u003e com.websystique.springboot.controller.RestApiController.createUser(com.websystique.springboot.model.User,org.springframework.web.util.UriComponentsBuilder)\",\"path\":\"/SpringBootCRUDApp/api/user/\"}","json":{"timestamp":1.511272475675E12,"status":400.0,"error":"Bad Request","exception":"org.springframework.http.converter.HttpMessageNotReadableException","message":"Required request body is missing: public org.springframework.http.ResponseEntity\u003c?\u003e com.websystique.springboot.controller.RestApiController.createUser(com.websystique.springboot.model.User,org.springframework.web.util.UriComponentsBuilder)","path":"/SpringBootCRUDApp/api/user/"},"headers":{"Transfer-Encoding":"chunked","Connection":"close","Date":"Tue, 21 Nov 2017 13:54:35 GMT","Content-Type":"application/json;charset\u003dUTF-8"}}</msg>
<status endtime="20171121 14:54:35.687" starttime="20171121 14:54:35.685" status="PASS"></status>
</kw>
<kw library="BuiltIn" name="Should Be Equal As Strings">
<doc>Fails if objects are unequal after converting them to strings.</doc>
<arguments>
<arg>${resp.status_code}</arg>
<arg>400</arg>
</arguments>
<msg level="INFO" timestamp="20171121 14:54:35.691">Argument types are:
&lt;type 'int'&gt;
&lt;type 'unicode'&gt;</msg>
<status endtime="20171121 14:54:35.691" starttime="20171121 14:54:35.688" status="PASS"></status>
</kw>
<tags>
<tag>GET</tag>
</tags>
<status critical="yes" endtime="20171121 14:54:35.692" starttime="20171121 14:54:35.606" status="PASS"></status>
</test>
<test name="Add same user twice" id="s1-s1-t6">
<kw type="setup" name="Clear Database">
<kw library="HttpRequestLibrary" name="Create Session">
<doc>Create a HTTP session to a server</doc>
<arguments>
<arg>CRUDAppTeardown</arg>
<arg>http://localhost:8080/SpringBootCRUDApp/api</arg>
<arg>debug=True</arg>
</arguments>
<status endtime="20171121 14:54:35.710" starttime="20171121 14:54:35.700" status="PASS"></status>
</kw>
<kw library="HttpRequestLibrary" name="Delete Request">
<doc> Send a DELETE request on the session object found using the</doc>
<arguments>
<arg>CRUDAppTeardown</arg>
<arg>/user/</arg>
</arguments>
<assign>
<var>${resp}</var>
</assign>
<msg level="INFO" timestamp="20171121 14:54:35.719">${resp} = {"status_code":204,"headers":{"Date":"Tue, 21 Nov 2017 13:54:35 GMT"}}</msg>
<status endtime="20171121 14:54:35.719" starttime="20171121 14:54:35.710" status="PASS"></status>
</kw>
<kw library="BuiltIn" name="Should Be Equal As Strings">
<doc>Fails if objects are unequal after converting them to strings.</doc>
<arguments>
<arg>${resp.status_code}</arg>
<arg>204</arg>
</arguments>
<msg level="INFO" timestamp="20171121 14:54:35.725">Argument types are:
&lt;type 'int'&gt;
&lt;type 'unicode'&gt;</msg>
<status endtime="20171121 14:54:35.726" starttime="20171121 14:54:35.720" status="PASS"></status>
</kw>
<status endtime="20171121 14:54:35.727" starttime="20171121 14:54:35.697" status="PASS"></status>
</kw>
<kw library="HttpRequestLibrary" name="Create Session">
<doc>Create a HTTP session to a server</doc>
<arguments>
<arg>CRUDApp</arg>
<arg>http://localhost:8080/SpringBootCRUDApp/api</arg>
<arg>debug=True</arg>
</arguments>
<status endtime="20171121 14:54:35.736" starttime="20171121 14:54:35.728" status="PASS"></status>
</kw>
<kw library="BuiltIn" name="Set Test Variable">
<doc>Makes a variable available everywhere within the scope of the current test.</doc>
<arguments>
<arg>${data}</arg>
<arg>{"name" : "Henksaer", "age" : "24", "salary" : "20000"}</arg>
</arguments>
<msg level="INFO" timestamp="20171121 14:54:35.741">${data} = {"name" : "Henksaer", "age" : "24", "salary" : "20000"}</msg>
<status endtime="20171121 14:54:35.742" starttime="20171121 14:54:35.737" status="PASS"></status>
</kw>
<kw library="BuiltIn" name="Create Dictionary">
<doc>Creates and returns a dictionary based on the given ``items``.</doc>
<arguments>
<arg>Content-Type=application/json</arg>
</arguments>
<assign>
<var>&amp;{headers}</var>
</assign>
<msg level="INFO" timestamp="20171121 14:54:35.746">&amp;{headers} = { Content-Type=application/json }</msg>
<status endtime="20171121 14:54:35.747" starttime="20171121 14:54:35.743" status="PASS"></status>
</kw>
<kw library="HttpRequestLibrary" name="Post Request">
<doc> Send a POST request on the session object found using the</doc>
<arguments>
<arg>CRUDApp</arg>
<arg>/user/</arg>
<arg>data=${data}</arg>
<arg>headers=${headers}</arg>
</arguments>
<assign>
<var>${resp}</var>
</assign>
<msg level="INFO" timestamp="20171121 14:54:35.767">${resp} = {"status_code":201,"text":"","content":"","headers":{"Content-Length":"0","Date":"Tue, 21 Nov 2017 13:54:35 GMT","Location":"http://localhost:8080/SpringBootCRUDApp/api/user/296"}}</msg>
<status endtime="20171121 14:54:35.768" starttime="20171121 14:54:35.748" status="PASS"></status>
</kw>
<kw library="BuiltIn" name="Log">
<doc>Logs the given message with the given level.</doc>
<arguments>
<arg>${data}</arg>
</arguments>
<msg level="INFO" timestamp="20171121 14:54:35.770">{"name" : "Henksaer", "age" : "24", "salary" : "20000"}</msg>
<status endtime="20171121 14:54:35.771" starttime="20171121 14:54:35.769" status="PASS"></status>
</kw>
<kw library="BuiltIn" name="Log">
<doc>Logs the given message with the given level.</doc>
<arguments>
<arg>${resp}</arg>
</arguments>
<msg level="INFO" timestamp="20171121 14:54:35.773">{"status_code":201,"text":"","content":"","headers":{"Content-Length":"0","Date":"Tue, 21 Nov 2017 13:54:35 GMT","Location":"http://localhost:8080/SpringBootCRUDApp/api/user/296"}}</msg>
<status endtime="20171121 14:54:35.774" starttime="20171121 14:54:35.772" status="PASS"></status>
</kw>
<kw library="BuiltIn" name="Should Be Equal As Strings">
<doc>Fails if objects are unequal after converting them to strings.</doc>
<arguments>
<arg>${resp.status_code}</arg>
<arg>201</arg>
</arguments>
<msg level="INFO" timestamp="20171121 14:54:35.778">Argument types are:
&lt;type 'int'&gt;
&lt;type 'unicode'&gt;</msg>
<status endtime="20171121 14:54:35.779" starttime="20171121 14:54:35.775" status="PASS"></status>
</kw>
<kw library="HttpRequestLibrary" name="Get Request">
<doc> Send a GET request on the session object found using the</doc>
<arguments>
<arg>CRUDApp</arg>
<arg>/user/</arg>
</arguments>
<assign>
<var>${resp2}</var>
</assign>
<msg level="INFO" timestamp="20171121 14:54:35.786">${resp2} = {"status_code":200,"text":"[{\"id\":296,\"name\":\"Henksaer\",\"age\":24,\"salary\":20000.0}]","content":"[{\"id\":296,\"name\":\"Henksaer\",\"age\":24,\"salary\":20000.0}]","json":[{"id":296.0,"name"...</msg>
<status endtime="20171121 14:54:35.786" starttime="20171121 14:54:35.780" status="PASS"></status>
</kw>
<kw library="BuiltIn" name="Log">
<doc>Logs the given message with the given level.</doc>
<arguments>
<arg>${resp2}</arg>
</arguments>
<msg level="INFO" timestamp="20171121 14:54:35.789">{"status_code":200,"text":"[{\"id\":296,\"name\":\"Henksaer\",\"age\":24,\"salary\":20000.0}]","content":"[{\"id\":296,\"name\":\"Henksaer\",\"age\":24,\"salary\":20000.0}]","json":[{"id":296.0,"name":"Henksaer","age":24.0,"salary":20000.0}],"headers":{"Transfer-Encoding":"chunked","Content-Length":"0","Date":"Tue, 21 Nov 2017 13:54:35 GMT","Location":"http://localhost:8080/SpringBootCRUDApp/api/user/296","Content-Type":"application/json;charset\u003dUTF-8"}}</msg>
<status endtime="20171121 14:54:35.790" starttime="20171121 14:54:35.788" status="PASS"></status>
</kw>
<kw library="BuiltIn" name="Should Be Equal As Strings">
<doc>Fails if objects are unequal after converting them to strings.</doc>
<arguments>
<arg>${resp2.status_code}</arg>
<arg>200</arg>
</arguments>
<msg level="INFO" timestamp="20171121 14:54:35.794">Argument types are:
&lt;type 'int'&gt;
&lt;type 'unicode'&gt;</msg>
<status endtime="20171121 14:54:35.795" starttime="20171121 14:54:35.791" status="PASS"></status>
</kw>
<kw library="BuiltIn" name="Should Contain">
<doc>Fails if ``container`` does not contain ``item`` one or more times.</doc>
<arguments>
<arg>${resp2.content}</arg>
<arg>Henksaer</arg>
</arguments>
<status endtime="20171121 14:54:35.800" starttime="20171121 14:54:35.796" status="PASS"></status>
</kw>
<kw library="HttpRequestLibrary" name="Post Request">
<doc> Send a POST request on the session object found using the</doc>
<arguments>
<arg>CRUDApp</arg>
<arg>/user/</arg>
<arg>data=${data}</arg>
<arg>headers=${headers}</arg>
</arguments>
<assign>
<var>${resp2}</var>
</assign>
<msg level="INFO" timestamp="20171121 14:54:35.815">${resp2} = {"status_code":409,"text":"{\"errorMessage\":\"Unable to create. A User with name Henksaer already exist.\"}","content":"{\"errorMessage\":\"Unable to create. A User with name Henksaer already exist.\...</msg>
<status endtime="20171121 14:54:35.815" starttime="20171121 14:54:35.801" status="PASS"></status>
</kw>
<kw library="BuiltIn" name="Log">
<doc>Logs the given message with the given level.</doc>
<arguments>
<arg>${resp2}</arg>
</arguments>
<msg level="INFO" timestamp="20171121 14:54:35.819">{"status_code":409,"text":"{\"errorMessage\":\"Unable to create. A User with name Henksaer already exist.\"}","content":"{\"errorMessage\":\"Unable to create. A User with name Henksaer already exist.\"}","json":{"errorMessage":"Unable to create. A User with name Henksaer already exist."},"headers":{"Transfer-Encoding":"chunked","Content-Length":"0","Date":"Tue, 21 Nov 2017 13:54:35 GMT","Location":"http://localhost:8080/SpringBootCRUDApp/api/user/296","Content-Type":"application/json;charset\u003dUTF-8"}}</msg>
<status endtime="20171121 14:54:35.820" starttime="20171121 14:54:35.817" status="PASS"></status>
</kw>
<kw library="BuiltIn" name="Should Be Equal As Strings">
<doc>Fails if objects are unequal after converting them to strings.</doc>
<arguments>
<arg>${resp2.status_code}</arg>
<arg>409</arg>
</arguments>
<msg level="INFO" timestamp="20171121 14:54:35.825">Argument types are:
&lt;type 'int'&gt;
&lt;type 'unicode'&gt;</msg>
<status endtime="20171121 14:54:35.826" starttime="20171121 14:54:35.821" status="PASS"></status>
</kw>
<tags>
<tag>GET</tag>
</tags>
<status critical="yes" endtime="20171121 14:54:35.827" starttime="20171121 14:54:35.695" status="PASS"></status>
</test>
<test name="Add Three Users and check if it's added" id="s1-s1-t7">
<kw type="setup" name="Clear Database">
<kw library="HttpRequestLibrary" name="Create Session">
<doc>Create a HTTP session to a server</doc>
<arguments>
<arg>CRUDAppTeardown</arg>
<arg>http://localhost:8080/SpringBootCRUDApp/api</arg>
<arg>debug=True</arg>
</arguments>
<status endtime="20171121 14:54:35.840" starttime="20171121 14:54:35.832" status="PASS"></status>
</kw>
<kw library="HttpRequestLibrary" name="Delete Request">
<doc> Send a DELETE request on the session object found using the</doc>
<arguments>
<arg>CRUDAppTeardown</arg>
<arg>/user/</arg>
</arguments>
<assign>
<var>${resp}</var>
</assign>
<msg level="INFO" timestamp="20171121 14:54:35.852">${resp} = {"status_code":204,"headers":{"Date":"Tue, 21 Nov 2017 13:54:35 GMT"}}</msg>
<status endtime="20171121 14:54:35.852" starttime="20171121 14:54:35.841" status="PASS"></status>
</kw>
<kw library="BuiltIn" name="Should Be Equal As Strings">
<doc>Fails if objects are unequal after converting them to strings.</doc>
<arguments>
<arg>${resp.status_code}</arg>
<arg>204</arg>
</arguments>
<msg level="INFO" timestamp="20171121 14:54:35.856">Argument types are:
&lt;type 'int'&gt;
&lt;type 'unicode'&gt;</msg>
<status endtime="20171121 14:54:35.856" starttime="20171121 14:54:35.853" status="PASS"></status>
</kw>
<status endtime="20171121 14:54:35.857" starttime="20171121 14:54:35.831" status="PASS"></status>
</kw>
<kw library="HttpRequestLibrary" name="Create Session">
<doc>Create a HTTP session to a server</doc>
<arguments>
<arg>CRUDApp</arg>
<arg>http://localhost:8080/SpringBootCRUDApp/api</arg>
<arg>debug=True</arg>
</arguments>
<status endtime="20171121 14:54:35.864" starttime="20171121 14:54:35.858" status="PASS"></status>
</kw>
<kw library="BuiltIn" name="Set Test Variable">
<doc>Makes a variable available everywhere within the scope of the current test.</doc>
<arguments>
<arg>${user1}</arg>
<arg>{"name" : "Henksaer", "age" : "24", "salary" : "20000"}</arg>
</arguments>
<msg level="INFO" timestamp="20171121 14:54:35.868">${user1} = {"name" : "Henksaer", "age" : "24", "salary" : "20000"}</msg>
<status endtime="20171121 14:54:35.869" starttime="20171121 14:54:35.864" status="PASS"></status>
</kw>
<kw library="BuiltIn" name="Set Test Variable">
<doc>Makes a variable available everywhere within the scope of the current test.</doc>
<arguments>
<arg>${user2}</arg>
<arg>{"name" : "Willem", "age" : "84", "salary" : "21000"}</arg>
</arguments>
<msg level="INFO" timestamp="20171121 14:54:35.874">${user2} = {"name" : "Willem", "age" : "84", "salary" : "21000"}</msg>
<status endtime="20171121 14:54:35.874" starttime="20171121 14:54:35.870" status="PASS"></status>
</kw>
<kw library="BuiltIn" name="Set Test Variable">
<doc>Makes a variable available everywhere within the scope of the current test.</doc>
<arguments>
<arg>${user3}</arg>
<arg>{"name" : "Karl", "age" : "14", "salary" : "203000"}</arg>
</arguments>
<msg level="INFO" timestamp="20171121 14:54:35.880">${user3} = {"name" : "Karl", "age" : "14", "salary" : "203000"}</msg>
<status endtime="20171121 14:54:35.881" starttime="20171121 14:54:35.876" status="PASS"></status>
</kw>
<kw library="BuiltIn" name="Create Dictionary">
<doc>Creates and returns a dictionary based on the given ``items``.</doc>
<arguments>
<arg>Content-Type=application/json</arg>
</arguments>
<assign>
<var>&amp;{headers}</var>
</assign>
<msg level="INFO" timestamp="20171121 14:54:35.885">&amp;{headers} = { Content-Type=application/json }</msg>
<status endtime="20171121 14:54:35.885" starttime="20171121 14:54:35.882" status="PASS"></status>
</kw>
<kw library="HttpRequestLibrary" name="Post Request">
<doc> Send a POST request on the session object found using the</doc>
<arguments>
<arg>CRUDApp</arg>
<arg>/user/</arg>
<arg>data=${user1}</arg>
<arg>headers=${headers}</arg>
</arguments>
<assign>
<var>${resp}</var>
</assign>
<msg level="INFO" timestamp="20171121 14:54:35.905">${resp} = {"status_code":201,"text":"","content":"","headers":{"Content-Length":"0","Date":"Tue, 21 Nov 2017 13:54:35 GMT","Location":"http://localhost:8080/SpringBootCRUDApp/api/user/297"}}</msg>
<status endtime="20171121 14:54:35.906" starttime="20171121 14:54:35.886" status="PASS"></status>
</kw>
<kw library="BuiltIn" name="Should Be Equal As Strings">
<doc>Fails if objects are unequal after converting them to strings.</doc>
<arguments>
<arg>${resp.status_code}</arg>
<arg>201</arg>
</arguments>
<msg level="INFO" timestamp="20171121 14:54:35.911">Argument types are:
&lt;type 'int'&gt;
&lt;type 'unicode'&gt;</msg>
<status endtime="20171121 14:54:35.912" starttime="20171121 14:54:35.907" status="PASS"></status>
</kw>
<kw library="HttpRequestLibrary" name="Post Request">
<doc> Send a POST request on the session object found using the</doc>
<arguments>
<arg>CRUDApp</arg>
<arg>/user/</arg>
<arg>data=${user2}</arg>
<arg>headers=${headers}</arg>
</arguments>
<assign>
<var>${resp}</var>
</assign>
<msg level="INFO" timestamp="20171121 14:54:35.931">${resp} = {"status_code":201,"text":"","content":"","headers":{"Content-Length":"0","Date":"Tue, 21 Nov 2017 13:54:35 GMT","Location":"http://localhost:8080/SpringBootCRUDApp/api/user/298"}}</msg>
<status endtime="20171121 14:54:35.931" starttime="20171121 14:54:35.913" status="PASS"></status>
</kw>
<kw library="BuiltIn" name="Should Be Equal As Strings">
<doc>Fails if objects are unequal after converting them to strings.</doc>
<arguments>
<arg>${resp.status_code}</arg>
<arg>201</arg>
</arguments>
<msg level="INFO" timestamp="20171121 14:54:35.936">Argument types are:
&lt;type 'int'&gt;
&lt;type 'unicode'&gt;</msg>
<status endtime="20171121 14:54:35.937" starttime="20171121 14:54:35.933" status="PASS"></status>
</kw>
<kw library="HttpRequestLibrary" name="Post Request">
<doc> Send a POST request on the session object found using the</doc>
<arguments>
<arg>CRUDApp</arg>
<arg>/user/</arg>
<arg>data=${user3}</arg>
<arg>headers=${headers}</arg>
</arguments>
<assign>
<var>${resp}</var>
</assign>
<msg level="INFO" timestamp="20171121 14:54:35.955">${resp} = {"status_code":201,"text":"","content":"","headers":{"Content-Length":"0","Date":"Tue, 21 Nov 2017 13:54:35 GMT","Location":"http://localhost:8080/SpringBootCRUDApp/api/user/299"}}</msg>
<status endtime="20171121 14:54:35.955" starttime="20171121 14:54:35.938" status="PASS"></status>
</kw>
<kw library="BuiltIn" name="Should Be Equal As Strings">
<doc>Fails if objects are unequal after converting them to strings.</doc>
<arguments>
<arg>${resp.status_code}</arg>
<arg>201</arg>
</arguments>
<msg level="INFO" timestamp="20171121 14:54:35.959">Argument types are:
&lt;type 'int'&gt;
&lt;type 'unicode'&gt;</msg>
<status endtime="20171121 14:54:35.960" starttime="20171121 14:54:35.956" status="PASS"></status>
</kw>
<kw library="BuiltIn" name="Log">
<doc>Logs the given message with the given level.</doc>
<arguments>
<arg>${user1}</arg>
</arguments>
<msg level="INFO" timestamp="20171121 14:54:35.962">{"name" : "Henksaer", "age" : "24", "salary" : "20000"}</msg>
<status endtime="20171121 14:54:35.962" starttime="20171121 14:54:35.961" status="PASS"></status>
</kw>
<kw library="BuiltIn" name="Log">
<doc>Logs the given message with the given level.</doc>
<arguments>
<arg>${resp}</arg>
</arguments>
<msg level="INFO" timestamp="20171121 14:54:35.964">{"status_code":201,"text":"","content":"","headers":{"Content-Length":"0","Date":"Tue, 21 Nov 2017 13:54:35 GMT","Location":"http://localhost:8080/SpringBootCRUDApp/api/user/299"}}</msg>
<status endtime="20171121 14:54:35.964" starttime="20171121 14:54:35.963" status="PASS"></status>
</kw>
<kw library="HttpRequestLibrary" name="Get Request">
<doc> Send a GET request on the session object found using the</doc>
<arguments>
<arg>CRUDApp</arg>
<arg>/user/</arg>
</arguments>
<assign>
<var>${resp2}</var>
</assign>
<msg level="INFO" timestamp="20171121 14:54:35.971">${resp2} = {"status_code":200,"text":"[{\"id\":297,\"name\":\"Henksaer\",\"age\":24,\"salary\":20000.0},{\"id\":298,\"name\":\"Willem\",\"age\":84,\"salary\":21000.0},{\"id\":299,\"name\":\"Karl\",\"age\":14,\"s...</msg>
<status endtime="20171121 14:54:35.971" starttime="20171121 14:54:35.965" status="PASS"></status>
</kw>
<kw library="BuiltIn" name="Log">
<doc>Logs the given message with the given level.</doc>
<arguments>
<arg>${resp2}</arg>
</arguments>
<msg level="INFO" timestamp="20171121 14:54:35.974">{"status_code":200,"text":"[{\"id\":297,\"name\":\"Henksaer\",\"age\":24,\"salary\":20000.0},{\"id\":298,\"name\":\"Willem\",\"age\":84,\"salary\":21000.0},{\"id\":299,\"name\":\"Karl\",\"age\":14,\"salary\":203000.0}]","content":"[{\"id\":297,\"name\":\"Henksaer\",\"age\":24,\"salary\":20000.0},{\"id\":298,\"name\":\"Willem\",\"age\":84,\"salary\":21000.0},{\"id\":299,\"name\":\"Karl\",\"age\":14,\"salary\":203000.0}]","json":[{"id":297.0,"name":"Henksaer","age":24.0,"salary":20000.0},{"id":298.0,"name":"Willem","age":84.0,"salary":21000.0},{"id":299.0,"name":"Karl","age":14.0,"salary":203000.0}],"headers":{"Transfer-Encoding":"chunked","Content-Length":"0","Date":"Tue, 21 Nov 2017 13:54:35 GMT","Location":"http://localhost:8080/SpringBootCRUDApp/api/user/299","Content-Type":"application/json;charset\u003dUTF-8"}}</msg>
<status endtime="20171121 14:54:35.975" starttime="20171121 14:54:35.972" status="PASS"></status>
</kw>
<kw library="BuiltIn" name="Should Be Equal As Strings">
<doc>Fails if objects are unequal after converting them to strings.</doc>
<arguments>
<arg>${resp2.status_code}</arg>
<arg>200</arg>
</arguments>
<msg level="INFO" timestamp="20171121 14:54:35.979">Argument types are:
&lt;type 'int'&gt;
&lt;type 'unicode'&gt;</msg>
<status endtime="20171121 14:54:35.980" starttime="20171121 14:54:35.977" status="PASS"></status>
</kw>
<kw library="BuiltIn" name="Should Contain">
<doc>Fails if ``container`` does not contain ``item`` one or more times.</doc>
<arguments>
<arg>${resp2.content}</arg>
<arg>Henksaer</arg>
</arguments>
<status endtime="20171121 14:54:35.985" starttime="20171121 14:54:35.982" status="PASS"></status>
</kw>
<kw library="BuiltIn" name="Should Contain">
<doc>Fails if ``container`` does not contain ``item`` one or more times.</doc>
<arguments>
<arg>${resp2.content}</arg>
<arg>Willem</arg>
</arguments>
<status endtime="20171121 14:54:35.991" starttime="20171121 14:54:35.986" status="PASS"></status>
</kw>
<kw library="BuiltIn" name="Should Contain">
<doc>Fails if ``container`` does not contain ``item`` one or more times.</doc>
<arguments>
<arg>${resp2.content}</arg>
<arg>Karl</arg>
</arguments>
<status endtime="20171121 14:54:35.997" starttime="20171121 14:54:35.992" status="PASS"></status>
</kw>
<tags>
<tag>GET</tag>
</tags>
<status critical="yes" endtime="20171121 14:54:35.998" starttime="20171121 14:54:35.829" status="PASS"></status>
</test>
<kw type="teardown" name="Clear Database">
<kw library="HttpRequestLibrary" name="Create Session">
<doc>Create a HTTP session to a server</doc>
<arguments>
<arg>CRUDAppTeardown</arg>
<arg>http://localhost:8080/SpringBootCRUDApp/api</arg>
<arg>debug=True</arg>
</arguments>
<status endtime="20171121 14:54:36.016" starttime="20171121 14:54:36.007" status="PASS"></status>
</kw>
<kw library="HttpRequestLibrary" name="Delete Request">
<doc> Send a DELETE request on the session object found using the</doc>
<arguments>
<arg>CRUDAppTeardown</arg>
<arg>/user/</arg>
</arguments>
<assign>
<var>${resp}</var>
</assign>
<msg level="INFO" timestamp="20171121 14:54:36.029">${resp} = {"status_code":204,"headers":{"Date":"Tue, 21 Nov 2017 13:54:35 GMT"}}</msg>
<status endtime="20171121 14:54:36.030" starttime="20171121 14:54:36.017" status="PASS"></status>
</kw>
<kw library="BuiltIn" name="Should Be Equal As Strings">
<doc>Fails if objects are unequal after converting them to strings.</doc>
<arguments>
<arg>${resp.status_code}</arg>
<arg>204</arg>
</arguments>
<msg level="INFO" timestamp="20171121 14:54:36.035">Argument types are:
&lt;type 'int'&gt;
&lt;type 'unicode'&gt;</msg>
<status endtime="20171121 14:54:36.036" starttime="20171121 14:54:36.031" status="PASS"></status>
</kw>
<status endtime="20171121 14:54:36.037" starttime="20171121 14:54:36.005" status="PASS"></status>
</kw>
<doc>A resource file containing the application specific keywords</doc>
<status endtime="20171121 14:54:36.037" starttime="20171121 14:54:34.423" status="PASS"></status>
</suite>
<suite source="D:\Data\VWissink\Documents\Framework Tries\BaselineProjectRobotSeleniumJava\src\test\robotframework\acceptance\ShouldFail.txt" name="ShouldFail" id="s1-s2">
<kw type="setup" library="VariablesList" name="Setup chromedriver">
<kw library="OperatingSystem" name="Set Environment Variable">
<doc>Sets an environment variable to a specified value.</doc>
<arguments>
<arg>webdriver.chrome.driver</arg>
<arg>D:/Data/VWissink/Documents/chromedriver/chromedriver.exe</arg>
</arguments>
<msg level="INFO" timestamp="20171121 14:54:36.729">Environment variable 'webdriver.chrome.driver' set to value 'D:/Data/VWissink/Documents/chromedriver/chromedriver.exe'.</msg>
<status endtime="20171121 14:54:36.730" starttime="20171121 14:54:36.727" status="PASS"></status>
</kw>
<status endtime="20171121 14:54:36.731" starttime="20171121 14:54:36.726" status="PASS"></status>
</kw>
<test name="Invalid variable reference" id="s1-s2-t1">
<kw type="setup" library="Selenium2Library" name="Open Browser">
<doc>Opens a new browser instance to given URL.&lt;br&gt;</doc>
<arguments>
<arg>http://localhost:8080/SpringBootCRUDApp/</arg>
<arg>chrome</arg>
</arguments>
<msg level="INFO" timestamp="20171121 14:54:36.740">browserName: chrome</msg>
<msg level="INFO" timestamp="20171121 14:54:36.742">Opening browser 'chrome' to base url 'http://localhost:8080/SpringBootCRUDApp/'</msg>
<msg level="INFO" timestamp="20171121 14:54:39.639">Starting ChromeDriver 2.33.506120 (e3e53437346286c0bc2d2dc9aa4915ba81d9023f) on port 16061
Only local connections are allowed.</msg>
<status endtime="20171121 14:54:39.642" starttime="20171121 14:54:36.735" status="PASS"></status>
</kw>
<kw library="Selenium2Library" name="Input Text">
<doc>Types the given &lt;b&gt;text&lt;/b&gt; into the text field identified by</doc>
<arguments>
<arg>id=uname</arg>
<arg>Sjors</arg>
</arguments>
<msg level="INFO" timestamp="20171121 14:54:39.647">Typing text 'Sjors' into text field 'id=uname'</msg>
<status endtime="20171121 14:54:39.808" starttime="20171121 14:54:39.645" status="PASS"></status>
</kw>
<kw library="Selenium2Library" name="Input Text">
<doc>Types the given &lt;b&gt;text&lt;/b&gt; into the text field identified by</doc>
<arguments>
<arg>id=age</arg>
<arg>50</arg>
</arguments>
<msg level="INFO" timestamp="20171121 14:54:39.813">Typing text '50' into text field 'id=age'</msg>
<status endtime="20171121 14:54:39.894" starttime="20171121 14:54:39.809" status="PASS"></status>
</kw>
<kw library="Selenium2Library" name="Input Text">
<doc>Types the given &lt;b&gt;text&lt;/b&gt; into the text field identified by</doc>
<arguments>
<arg>id=salary</arg>
<arg>${SALARY}</arg>
</arguments>
<msg level="FAIL" timestamp="20171121 14:54:39.898">Variable '${SALARY}' not found.</msg>
<status endtime="20171121 14:54:39.898" starttime="20171121 14:54:39.895" status="FAIL"></status>
</kw>
<kw type="teardown" library="Selenium2Library" name="Close Browser">
<doc>Closes the current browser instance.&lt;br&gt;&lt;br&gt;&lt;b&gt;See Also:&lt;/b&gt;&lt;br&gt;&amp;nbsp;&amp;nbsp;&amp;nbsp;&amp;nbsp;`Close All Browsers`&lt;br&gt;&amp;nbsp;&amp;nbsp;&amp;nbsp;&amp;nbsp;`Open Browser`&lt;br&gt;&amp;nbsp;&amp;nbsp;&amp;nbsp;&amp;nbsp;`Switch Browser`&lt;br&gt;</doc>
<status endtime="20171121 14:54:42.271" starttime="20171121 14:54:39.900" status="PASS"></status>
</kw>
<status critical="yes" endtime="20171121 14:54:42.271" starttime="20171121 14:54:36.732" status="FAIL">Variable '${SALARY}' not found.</status>
</test>
<test name="Nonexistent ID" id="s1-s2-t2">
<kw type="setup" library="Selenium2Library" name="Open Browser">
<doc>Opens a new browser instance to given URL.&lt;br&gt;</doc>
<arguments>
<arg>http://localhost:8080/SpringBootCRUDApp/</arg>
<arg>chrome</arg>
</arguments>
<msg level="INFO" timestamp="20171121 14:54:42.278">browserName: chrome</msg>
<msg level="INFO" timestamp="20171121 14:54:42.279">Opening browser 'chrome' to base url 'http://localhost:8080/SpringBootCRUDApp/'</msg>
<msg level="INFO" timestamp="20171121 14:54:44.873">Starting ChromeDriver 2.33.506120 (e3e53437346286c0bc2d2dc9aa4915ba81d9023f) on port 6296
Only local connections are allowed.</msg>
<status endtime="20171121 14:54:44.877" starttime="20171121 14:54:42.275" status="PASS"></status>
</kw>
<kw library="Selenium2Library" name="Input Text">
<doc>Types the given &lt;b&gt;text&lt;/b&gt; into the text field identified by</doc>
<arguments>
<arg>id=uname</arg>
<arg>Sjors</arg>
</arguments>
<msg level="INFO" timestamp="20171121 14:54:44.881">Typing text 'Sjors' into text field 'id=uname'</msg>
<status endtime="20171121 14:54:45.036" starttime="20171121 14:54:44.879" status="PASS"></status>
</kw>
<kw library="Selenium2Library" name="Input Text">
<doc>Types the given &lt;b&gt;text&lt;/b&gt; into the text field identified by</doc>
<arguments>
<arg>id=age</arg>
<arg>50</arg>
</arguments>
<msg level="INFO" timestamp="20171121 14:54:45.040">Typing text '50' into text field 'id=age'</msg>
<status endtime="20171121 14:54:45.126" starttime="20171121 14:54:45.037" status="PASS"></status>
</kw>
<kw library="Selenium2Library" name="Input Text">
<doc>Types the given &lt;b&gt;text&lt;/b&gt; into the text field identified by</doc>
<arguments>
<arg>id=salary</arg>
<arg>25000</arg>
</arguments>
<msg level="INFO" timestamp="20171121 14:54:45.129">Typing text '25000' into text field 'id=salary'</msg>
<status endtime="20171121 14:54:45.226" starttime="20171121 14:54:45.127" status="PASS"></status>
</kw>
<kw library="Selenium2Library" name="Textfield Value Should Be">
<doc>Verify the text field identified by &lt;b&gt;locator&lt;/b&gt; is exactly</doc>
<arguments>
<arg>id=nonexistendID</arg>
<arg>Sjors</arg>
</arguments>
<kw library="Selenium2Library" name="Capture Page Screenshot">
<doc>Take a screenshot of the current page and embed it into the log.&lt;br&gt;</doc>
<msg level="INFO" html="yes" timestamp="20171121 14:54:45.537">&lt;/td&gt;&lt;/tr&gt;&lt;tr&gt;&lt;td colspan="3"&gt;&lt;a href="selenium-screenshot-1.png"&gt;&lt;img src="selenium-screenshot-1.png" width="800px"&gt;&lt;/a&gt;</msg>
<status endtime="20171121 14:54:45.538" starttime="20171121 14:54:45.252" status="PASS"></status>
</kw>
<msg level="FAIL" timestamp="20171121 14:54:45.548">RuntimeException</msg>
<status endtime="20171121 14:54:45.549" starttime="20171121 14:54:45.227" status="FAIL"></status>
</kw>
<kw type="teardown" library="Selenium2Library" name="Close Browser">
<doc>Closes the current browser instance.&lt;br&gt;&lt;br&gt;&lt;b&gt;See Also:&lt;/b&gt;&lt;br&gt;&amp;nbsp;&amp;nbsp;&amp;nbsp;&amp;nbsp;`Close All Browsers`&lt;br&gt;&amp;nbsp;&amp;nbsp;&amp;nbsp;&amp;nbsp;`Open Browser`&lt;br&gt;&amp;nbsp;&amp;nbsp;&amp;nbsp;&amp;nbsp;`Switch Browser`&lt;br&gt;</doc>
<status endtime="20171121 14:54:47.833" starttime="20171121 14:54:45.551" status="PASS"></status>
</kw>
<status critical="yes" endtime="20171121 14:54:47.834" starttime="20171121 14:54:42.274" status="FAIL">RuntimeException</status>
</test>
<doc>A resource file containing the application specific keywords</doc>
<status endtime="20171121 14:54:47.839" starttime="20171121 14:54:36.047" status="FAIL"></status>
</suite>
<suite source="D:\Data\VWissink\Documents\Framework Tries\BaselineProjectRobotSeleniumJava\src\test\robotframework\acceptance\ShouldPass.txt" name="ShouldPass" id="s1-s3">
<test name="Add values and reset form" id="s1-s3-t1">
<kw type="setup" library="Selenium2Library" name="Open Browser">
<doc>Opens a new browser instance to given URL.&lt;br&gt;</doc>
<arguments>
<arg>http://localhost:8080/SpringBootCRUDApp/</arg>
<arg>chrome</arg>
</arguments>
<msg level="INFO" timestamp="20171121 14:54:47.876">browserName: chrome</msg>
<msg level="INFO" timestamp="20171121 14:54:47.878">Opening browser 'chrome' to base url 'http://localhost:8080/SpringBootCRUDApp/'</msg>
<msg level="INFO" timestamp="20171121 14:54:50.450">Starting ChromeDriver 2.33.506120 (e3e53437346286c0bc2d2dc9aa4915ba81d9023f) on port 40365
Only local connections are allowed.</msg>
<status endtime="20171121 14:54:50.453" starttime="20171121 14:54:47.872" status="PASS"></status>
</kw>
<kw library="Selenium2Library" name="Input Text">
<doc>Types the given &lt;b&gt;text&lt;/b&gt; into the text field identified by</doc>
<arguments>
<arg>id=uname</arg>
<arg>Henk</arg>
</arguments>
<msg level="INFO" timestamp="20171121 14:54:50.458">Typing text 'Henk' into text field 'id=uname'</msg>
<status endtime="20171121 14:54:50.604" starttime="20171121 14:54:50.454" status="PASS"></status>
</kw>
<kw library="Selenium2Library" name="Input Text">
<doc>Types the given &lt;b&gt;text&lt;/b&gt; into the text field identified by</doc>
<arguments>
<arg>id=age</arg>
<arg>43</arg>
</arguments>
<msg level="INFO" timestamp="20171121 14:54:50.609">Typing text '43' into text field 'id=age'</msg>
<status endtime="20171121 14:54:50.694" starttime="20171121 14:54:50.606" status="PASS"></status>
</kw>
<kw library="Selenium2Library" name="Input Text">
<doc>Types the given &lt;b&gt;text&lt;/b&gt; into the text field identified by</doc>
<arguments>
<arg>id=salary</arg>
<arg>20000</arg>
</arguments>
<msg level="INFO" timestamp="20171121 14:54:50.698">Typing text '20000' into text field 'id=salary'</msg>
<status endtime="20171121 14:54:50.794" starttime="20171121 14:54:50.695" status="PASS"></status>
</kw>
<kw library="Selenium2Library" name="Textfield Value Should Be">
<doc>Verify the text field identified by &lt;b&gt;locator&lt;/b&gt; is exactly</doc>
<arguments>
<arg>id=uname</arg>
<arg>Henk</arg>
</arguments>
<msg level="INFO" timestamp="20171121 14:54:50.820">Content of text field 'id=uname' is 'Henk'.</msg>
<status endtime="20171121 14:54:50.822" starttime="20171121 14:54:50.795" status="PASS"></status>
</kw>
<kw library="Selenium2Library" name="Textfield Value Should Be">
<doc>Verify the text field identified by &lt;b&gt;locator&lt;/b&gt; is exactly</doc>
<arguments>
<arg>id=age</arg>
<arg>43</arg>
</arguments>
<msg level="INFO" timestamp="20171121 14:54:50.850">Content of text field 'id=age' is '43'.</msg>
<status endtime="20171121 14:54:50.851" starttime="20171121 14:54:50.823" status="PASS"></status>
</kw>
<kw library="Selenium2Library" name="Textfield Value Should Be">
<doc>Verify the text field identified by &lt;b&gt;locator&lt;/b&gt; is exactly</doc>
<arguments>
<arg>id=salary</arg>
<arg>20000</arg>
</arguments>
<msg level="INFO" timestamp="20171121 14:54:50.880">Content of text field 'id=salary' is '20000'.</msg>
<status endtime="20171121 14:54:50.881" starttime="20171121 14:54:50.852" status="PASS"></status>
</kw>
<kw library="Selenium2Library" name="Click Button">
<doc>Click on the button identified by &lt;b&gt;locator&lt;/b&gt;.&lt;br&gt;</doc>
<arguments>
<arg>id=reset</arg>
</arguments>
<msg level="INFO" timestamp="20171121 14:54:50.884">Clicking button 'id=reset'.</msg>
<status endtime="20171121 14:54:50.967" starttime="20171121 14:54:50.881" status="PASS"></status>
</kw>
<kw library="Selenium2Library" name="Textfield Value Should Be">
<doc>Verify the text field identified by &lt;b&gt;locator&lt;/b&gt; is exactly</doc>
<arguments>
<arg>id=uname</arg>
<arg>${EMPTY}</arg>
</arguments>
<msg level="INFO" timestamp="20171121 14:54:50.995">Content of text field 'id=uname' is ''.</msg>
<status endtime="20171121 14:54:50.995" starttime="20171121 14:54:50.967" status="PASS"></status>
</kw>
<kw library="Selenium2Library" name="Textfield Value Should Be">
<doc>Verify the text field identified by &lt;b&gt;locator&lt;/b&gt; is exactly</doc>
<arguments>
<arg>id=age</arg>
<arg>${EMPTY}</arg>
</arguments>
<msg level="INFO" timestamp="20171121 14:54:51.024">Content of text field 'id=age' is ''.</msg>
<status endtime="20171121 14:54:51.026" starttime="20171121 14:54:50.996" status="PASS"></status>
</kw>
<kw library="Selenium2Library" name="Textfield Value Should Be">
<doc>Verify the text field identified by &lt;b&gt;locator&lt;/b&gt; is exactly</doc>
<arguments>
<arg>id=salary</arg>
<arg>${EMPTY}</arg>
</arguments>
<msg level="INFO" timestamp="20171121 14:54:51.051">Content of text field 'id=salary' is ''.</msg>
<status endtime="20171121 14:54:51.052" starttime="20171121 14:54:51.027" status="PASS"></status>
</kw>
<kw type="teardown" library="Selenium2Library" name="Close Browser">
<doc>Closes the current browser instance.&lt;br&gt;&lt;br&gt;&lt;b&gt;See Also:&lt;/b&gt;&lt;br&gt;&amp;nbsp;&amp;nbsp;&amp;nbsp;&amp;nbsp;`Close All Browsers`&lt;br&gt;&amp;nbsp;&amp;nbsp;&amp;nbsp;&amp;nbsp;`Open Browser`&lt;br&gt;&amp;nbsp;&amp;nbsp;&amp;nbsp;&amp;nbsp;`Switch Browser`&lt;br&gt;</doc>
<status endtime="20171121 14:54:53.313" starttime="20171121 14:54:51.054" status="PASS"></status>
</kw>
<status critical="yes" endtime="20171121 14:54:53.314" starttime="20171121 14:54:47.869" status="PASS"></status>
</test>
<test name="Test Add entry and remove it" id="s1-s3-t2">
<kw type="setup" library="Selenium2Library" name="Open Browser">
<doc>Opens a new browser instance to given URL.&lt;br&gt;</doc>
<arguments>
<arg>http://localhost:8080/SpringBootCRUDApp/</arg>
<arg>chrome</arg>
</arguments>
<msg level="INFO" timestamp="20171121 14:54:53.319">browserName: chrome</msg>
<msg level="INFO" timestamp="20171121 14:54:53.321">Opening browser 'chrome' to base url 'http://localhost:8080/SpringBootCRUDApp/'</msg>
<msg level="INFO" timestamp="20171121 14:54:55.840">Starting ChromeDriver 2.33.506120 (e3e53437346286c0bc2d2dc9aa4915ba81d9023f) on port 13692
Only local connections are allowed.</msg>
<status endtime="20171121 14:54:55.843" starttime="20171121 14:54:53.317" status="PASS"></status>
</kw>
<kw library="Selenium2Library" name="Input Text">
<doc>Types the given &lt;b&gt;text&lt;/b&gt; into the text field identified by</doc>
<arguments>
<arg>id=uname</arg>
<arg>Henk</arg>
</arguments>
<msg level="INFO" timestamp="20171121 14:54:55.848">Typing text 'Henk' into text field 'id=uname'</msg>
<status endtime="20171121 14:54:55.999" starttime="20171121 14:54:55.844" status="PASS"></status>
</kw>
<kw library="Selenium2Library" name="Input Text">
<doc>Types the given &lt;b&gt;text&lt;/b&gt; into the text field identified by</doc>
<arguments>
<arg>id=age</arg>
<arg>43</arg>
</arguments>
<msg level="INFO" timestamp="20171121 14:54:56.002">Typing text '43' into text field 'id=age'</msg>
<status endtime="20171121 14:54:56.088" starttime="20171121 14:54:56.000" status="PASS"></status>
</kw>
<kw library="Selenium2Library" name="Input Text">
<doc>Types the given &lt;b&gt;text&lt;/b&gt; into the text field identified by</doc>
<arguments>
<arg>id=salary</arg>
<arg>20000</arg>
</arguments>
<msg level="INFO" timestamp="20171121 14:54:56.092">Typing text '20000' into text field 'id=salary'</msg>
<status endtime="20171121 14:54:56.191" starttime="20171121 14:54:56.090" status="PASS"></status>
</kw>
<kw library="Selenium2Library" name="Textfield Value Should Be">
<doc>Verify the text field identified by &lt;b&gt;locator&lt;/b&gt; is exactly</doc>
<arguments>
<arg>id=uname</arg>
<arg>Henk</arg>
</arguments>
<msg level="INFO" timestamp="20171121 14:54:56.223">Content of text field 'id=uname' is 'Henk'.</msg>
<status endtime="20171121 14:54:56.224" starttime="20171121 14:54:56.193" status="PASS"></status>
</kw>
<kw library="Selenium2Library" name="Textfield Value Should Be">
<doc>Verify the text field identified by &lt;b&gt;locator&lt;/b&gt; is exactly</doc>
<arguments>
<arg>id=age</arg>
<arg>43</arg>
</arguments>
<msg level="INFO" timestamp="20171121 14:54:56.254">Content of text field 'id=age' is '43'.</msg>
<status endtime="20171121 14:54:56.255" starttime="20171121 14:54:56.226" status="PASS"></status>
</kw>
<kw library="Selenium2Library" name="Textfield Value Should Be">
<doc>Verify the text field identified by &lt;b&gt;locator&lt;/b&gt; is exactly</doc>
<arguments>
<arg>id=salary</arg>
<arg>20000</arg>
</arguments>
<msg level="INFO" timestamp="20171121 14:54:56.283">Content of text field 'id=salary' is '20000'.</msg>
<status endtime="20171121 14:54:56.284" starttime="20171121 14:54:56.257" status="PASS"></status>
</kw>
<kw library="Selenium2Library" name="Click Button">
<doc>Click on the button identified by &lt;b&gt;locator&lt;/b&gt;.&lt;br&gt;</doc>
<arguments>
<arg>id=submit</arg>
</arguments>
<msg level="INFO" timestamp="20171121 14:54:56.288">Clicking button 'id=submit'.</msg>
<status endtime="20171121 14:54:56.366" starttime="20171121 14:54:56.285" status="PASS"></status>
</kw>
<kw library="Selenium2Library" name="Wait Until Page Contains Element">
<doc>Waits until the element identified by &lt;b&gt;locator&lt;/b&gt; is found on the</doc>
<arguments>
<arg>id=alert-success</arg>
</arguments>
<status endtime="20171121 14:54:56.404" starttime="20171121 14:54:56.367" status="PASS"></status>
</kw>
<kw library="Selenium2Library" name="Element Should Contain">
<doc>Verify the element identified by &lt;b&gt;locator&lt;/b&gt; contains &lt;b&gt;text&lt;/b&gt;.&lt;br&gt;</doc>
<arguments>
<arg>id=alert-success</arg>
<arg>success</arg>
</arguments>
<msg level="INFO" timestamp="20171121 14:54:56.443">Element Should Contain: success =&gt; OK</msg>
<status endtime="20171121 14:54:56.444" starttime="20171121 14:54:56.406" status="PASS"></status>
</kw>
<kw library="Selenium2Library" name="Click Element">
<doc>Click on the element identified by &lt;b&gt;locator&lt;/b&gt;.&lt;br&gt;</doc>
<arguments>
<arg>//button[contains(@class,'remove')]</arg>
</arguments>
<msg level="INFO" timestamp="20171121 14:54:56.447">Clicking element '//button[contains(@class,'remove')]'.</msg>
<status endtime="20171121 14:54:56.527" starttime="20171121 14:54:56.445" status="PASS"></status>
</kw>
<kw type="teardown" library="Selenium2Library" name="Close Browser">
<doc>Closes the current browser instance.&lt;br&gt;&lt;br&gt;&lt;b&gt;See Also:&lt;/b&gt;&lt;br&gt;&amp;nbsp;&amp;nbsp;&amp;nbsp;&amp;nbsp;`Close All Browsers`&lt;br&gt;&amp;nbsp;&amp;nbsp;&amp;nbsp;&amp;nbsp;`Open Browser`&lt;br&gt;&amp;nbsp;&amp;nbsp;&amp;nbsp;&amp;nbsp;`Switch Browser`&lt;br&gt;</doc>
<status endtime="20171121 14:54:58.813" starttime="20171121 14:54:56.528" status="PASS"></status>
</kw>
<status critical="yes" endtime="20171121 14:54:58.814" starttime="20171121 14:54:53.315" status="PASS"></status>
</test>
<test name="Test Add duplicate entry" id="s1-s3-t3">
<kw type="setup" library="Selenium2Library" name="Open Browser">
<doc>Opens a new browser instance to given URL.&lt;br&gt;</doc>
<arguments>
<arg>http://localhost:8080/SpringBootCRUDApp/</arg>
<arg>chrome</arg>
</arguments>
<msg level="INFO" timestamp="20171121 14:54:58.819">browserName: chrome</msg>
<msg level="INFO" timestamp="20171121 14:54:58.821">Opening browser 'chrome' to base url 'http://localhost:8080/SpringBootCRUDApp/'</msg>
<msg level="INFO" timestamp="20171121 14:55:01.335">Starting ChromeDriver 2.33.506120 (e3e53437346286c0bc2d2dc9aa4915ba81d9023f) on port 11096
Only local connections are allowed.</msg>
<status endtime="20171121 14:55:01.339" starttime="20171121 14:54:58.817" status="PASS"></status>
</kw>
<kw library="Selenium2Library" name="Input Text">
<doc>Types the given &lt;b&gt;text&lt;/b&gt; into the text field identified by</doc>
<arguments>
<arg>id=uname</arg>
<arg>Sjors</arg>
</arguments>
<msg level="INFO" timestamp="20171121 14:55:01.344">Typing text 'Sjors' into text field 'id=uname'</msg>
<status endtime="20171121 14:55:01.497" starttime="20171121 14:55:01.341" status="PASS"></status>
</kw>
<kw library="Selenium2Library" name="Input Text">
<doc>Types the given &lt;b&gt;text&lt;/b&gt; into the text field identified by</doc>
<arguments>
<arg>id=age</arg>
<arg>50</arg>
</arguments>
<msg level="INFO" timestamp="20171121 14:55:01.501">Typing text '50' into text field 'id=age'</msg>
<status endtime="20171121 14:55:01.590" starttime="20171121 14:55:01.498" status="PASS"></status>
</kw>
<kw library="Selenium2Library" name="Input Text">
<doc>Types the given &lt;b&gt;text&lt;/b&gt; into the text field identified by</doc>
<arguments>
<arg>id=salary</arg>
<arg>25000</arg>
</arguments>
<msg level="INFO" timestamp="20171121 14:55:01.593">Typing text '25000' into text field 'id=salary'</msg>
<status endtime="20171121 14:55:01.687" starttime="20171121 14:55:01.591" status="PASS"></status>
</kw>
<kw library="Selenium2Library" name="Click Button">
<doc>Click on the button identified by &lt;b&gt;locator&lt;/b&gt;.&lt;br&gt;</doc>
<arguments>
<arg>id=submit</arg>
</arguments>
<msg level="INFO" timestamp="20171121 14:55:01.692">Clicking button 'id=submit'.</msg>
<status endtime="20171121 14:55:01.782" starttime="20171121 14:55:01.689" status="PASS"></status>
</kw>
<kw library="Selenium2Library" name="Input Text">
<doc>Types the given &lt;b&gt;text&lt;/b&gt; into the text field identified by</doc>
<arguments>
<arg>id=uname</arg>
<arg>Sjors</arg>
</arguments>
<msg level="INFO" timestamp="20171121 14:55:01.785">Typing text 'Sjors' into text field 'id=uname'</msg>
<status endtime="20171121 14:55:01.873" starttime="20171121 14:55:01.783" status="PASS"></status>
</kw>
<kw library="Selenium2Library" name="Input Text">
<doc>Types the given &lt;b&gt;text&lt;/b&gt; into the text field identified by</doc>
<arguments>
<arg>id=age</arg>
<arg>50</arg>
</arguments>
<msg level="INFO" timestamp="20171121 14:55:01.877">Typing text '50' into text field 'id=age'</msg>
<status endtime="20171121 14:55:01.923" starttime="20171121 14:55:01.875" status="PASS"></status>
</kw>
<kw library="Selenium2Library" name="Input Text">
<doc>Types the given &lt;b&gt;text&lt;/b&gt; into the text field identified by</doc>
<arguments>
<arg>id=salary</arg>
<arg>25000</arg>
</arguments>
<msg level="INFO" timestamp="20171121 14:55:01.927">Typing text '25000' into text field 'id=salary'</msg>
<status endtime="20171121 14:55:01.972" starttime="20171121 14:55:01.925" status="PASS"></status>
</kw>
<kw library="Selenium2Library" name="Textfield Value Should Be">
<doc>Verify the text field identified by &lt;b&gt;locator&lt;/b&gt; is exactly</doc>
<arguments>
<arg>id=uname</arg>
<arg>Sjors</arg>
</arguments>
<msg level="INFO" timestamp="20171121 14:55:02.000">Content of text field 'id=uname' is 'Sjors'.</msg>
<status endtime="20171121 14:55:02.001" starttime="20171121 14:55:01.973" status="PASS"></status>
</kw>
<kw library="Selenium2Library" name="Textfield Value Should Be">
<doc>Verify the text field identified by &lt;b&gt;locator&lt;/b&gt; is exactly</doc>
<arguments>
<arg>id=age</arg>
<arg>50</arg>
</arguments>
<msg level="INFO" timestamp="20171121 14:55:02.038">Content of text field 'id=age' is '50'.</msg>
<status endtime="20171121 14:55:02.040" starttime="20171121 14:55:02.003" status="PASS"></status>
</kw>
<kw library="Selenium2Library" name="Textfield Value Should Be">
<doc>Verify the text field identified by &lt;b&gt;locator&lt;/b&gt; is exactly</doc>
<arguments>
<arg>id=salary</arg>
<arg>25000</arg>
</arguments>
<msg level="INFO" timestamp="20171121 14:55:02.065">Content of text field 'id=salary' is '25000'.</msg>
<status endtime="20171121 14:55:02.066" starttime="20171121 14:55:02.041" status="PASS"></status>
</kw>
<kw library="Selenium2Library" name="Click Button">
<doc>Click on the button identified by &lt;b&gt;locator&lt;/b&gt;.&lt;br&gt;</doc>
<arguments>
<arg>id=submit</arg>
</arguments>
<msg level="INFO" timestamp="20171121 14:55:02.068">Clicking button 'id=submit'.</msg>
<status endtime="20171121 14:55:02.126" starttime="20171121 14:55:02.067" status="PASS"></status>
</kw>
<kw library="Selenium2Library" name="Wait Until Page Contains Element">
<doc>Waits until the element identified by &lt;b&gt;locator&lt;/b&gt; is found on the</doc>
<arguments>
<arg>id=alert-danger</arg>
</arguments>
<status endtime="20171121 14:55:02.148" starttime="20171121 14:55:02.127" status="PASS"></status>
</kw>
<kw library="Selenium2Library" name="Element Should Contain">
<doc>Verify the element identified by &lt;b&gt;locator&lt;/b&gt; contains &lt;b&gt;text&lt;/b&gt;.&lt;br&gt;</doc>
<arguments>
<arg>id=alert-danger</arg>
<arg>Error while creating User</arg>
</arguments>
<msg level="INFO" timestamp="20171121 14:55:02.185">Element Should Contain: Error while creating User =&gt; OK</msg>
<status endtime="20171121 14:55:02.187" starttime="20171121 14:55:02.149" status="PASS"></status>
</kw>
<kw library="Selenium2Library" name="Click Element">
<doc>Click on the element identified by &lt;b&gt;locator&lt;/b&gt;.&lt;br&gt;</doc>
<arguments>
<arg>//button[contains(@class,'remove')]</arg>
</arguments>
<msg level="INFO" timestamp="20171121 14:55:02.192">Clicking element '//button[contains(@class,'remove')]'.</msg>
<status endtime="20171121 14:55:02.275" starttime="20171121 14:55:02.189" status="PASS"></status>
</kw>
<kw type="teardown" library="Selenium2Library" name="Close Browser">
<doc>Closes the current browser instance.&lt;br&gt;&lt;br&gt;&lt;b&gt;See Also:&lt;/b&gt;&lt;br&gt;&amp;nbsp;&amp;nbsp;&amp;nbsp;&amp;nbsp;`Close All Browsers`&lt;br&gt;&amp;nbsp;&amp;nbsp;&amp;nbsp;&amp;nbsp;`Open Browser`&lt;br&gt;&amp;nbsp;&amp;nbsp;&amp;nbsp;&amp;nbsp;`Switch Browser`&lt;br&gt;</doc>
<status endtime="20171121 14:55:04.528" starttime="20171121 14:55:02.277" status="PASS"></status>
</kw>
<status critical="yes" endtime="20171121 14:55:04.529" starttime="20171121 14:54:58.815" status="PASS"></status>
</test>
<test name="Add values and reset form with short name" id="s1-s3-t4">
<kw type="setup" library="Selenium2Library" name="Open Browser">
<doc>Opens a new browser instance to given URL.&lt;br&gt;</doc>
<arguments>
<arg>http://localhost:8080/SpringBootCRUDApp/</arg>
<arg>chrome</arg>
</arguments>
<msg level="INFO" timestamp="20171121 14:55:04.534">browserName: chrome</msg>
<msg level="INFO" timestamp="20171121 14:55:04.535">Opening browser 'chrome' to base url 'http://localhost:8080/SpringBootCRUDApp/'</msg>
<msg level="INFO" timestamp="20171121 14:55:07.167">Starting ChromeDriver 2.33.506120 (e3e53437346286c0bc2d2dc9aa4915ba81d9023f) on port 42285
Only local connections are allowed.</msg>
<status endtime="20171121 14:55:07.171" starttime="20171121 14:55:04.532" status="PASS"></status>
</kw>
<kw library="Selenium2Library" name="Input Text">
<doc>Types the given &lt;b&gt;text&lt;/b&gt; into the text field identified by</doc>
<arguments>
<arg>id=uname</arg>
<arg>An</arg>
</arguments>
<msg level="INFO" timestamp="20171121 14:55:07.176">Typing text 'An' into text field 'id=uname'</msg>
<status endtime="20171121 14:55:07.316" starttime="20171121 14:55:07.173" status="PASS"></status>
</kw>
<kw library="Selenium2Library" name="Input Text">
<doc>Types the given &lt;b&gt;text&lt;/b&gt; into the text field identified by</doc>
<arguments>
<arg>id=age</arg>
<arg>23</arg>
</arguments>
<msg level="INFO" timestamp="20171121 14:55:07.323">Typing text '23' into text field 'id=age'</msg>
<status endtime="20171121 14:55:07.410" starttime="20171121 14:55:07.317" status="PASS"></status>
</kw>
<kw library="Selenium2Library" name="Input Text">
<doc>Types the given &lt;b&gt;text&lt;/b&gt; into the text field identified by</doc>
<arguments>
<arg>id=salary</arg>
<arg>10000</arg>
</arguments>
<msg level="INFO" timestamp="20171121 14:55:07.413">Typing text '10000' into text field 'id=salary'</msg>
<status endtime="20171121 14:55:07.505" starttime="20171121 14:55:07.411" status="PASS"></status>
</kw>
<kw library="Selenium2Library" name="Textfield Value Should Be">
<doc>Verify the text field identified by &lt;b&gt;locator&lt;/b&gt; is exactly</doc>
<arguments>
<arg>id=uname</arg>
<arg>An</arg>
</arguments>
<msg level="INFO" timestamp="20171121 14:55:07.533">Content of text field 'id=uname' is 'An'.</msg>
<status endtime="20171121 14:55:07.534" starttime="20171121 14:55:07.506" status="PASS"></status>
</kw>
<kw library="Selenium2Library" name="Textfield Value Should Be">
<doc>Verify the text field identified by &lt;b&gt;locator&lt;/b&gt; is exactly</doc>
<arguments>
<arg>id=age</arg>
<arg>23</arg>
</arguments>
<msg level="INFO" timestamp="20171121 14:55:07.562">Content of text field 'id=age' is '23'.</msg>
<status endtime="20171121 14:55:07.563" starttime="20171121 14:55:07.536" status="PASS"></status>
</kw>
<kw library="Selenium2Library" name="Textfield Value Should Be">
<doc>Verify the text field identified by &lt;b&gt;locator&lt;/b&gt; is exactly</doc>
<arguments>
<arg>id=salary</arg>
<arg>10000</arg>
</arguments>
<msg level="INFO" timestamp="20171121 14:55:07.589">Content of text field 'id=salary' is '10000'.</msg>
<status endtime="20171121 14:55:07.590" starttime="20171121 14:55:07.564" status="PASS"></status>
</kw>
<kw library="Selenium2Library" name="Click Button">
<doc>Click on the button identified by &lt;b&gt;locator&lt;/b&gt;.&lt;br&gt;</doc>
<arguments>
<arg>id=reset</arg>
</arguments>
<msg level="INFO" timestamp="20171121 14:55:07.593">Clicking button 'id=reset'.</msg>
<status endtime="20171121 14:55:07.673" starttime="20171121 14:55:07.591" status="PASS"></status>
</kw>
<kw library="Selenium2Library" name="Textfield Value Should Be">
<doc>Verify the text field identified by &lt;b&gt;locator&lt;/b&gt; is exactly</doc>
<arguments>
<arg>id=uname</arg>
<arg>${EMPTY}</arg>
</arguments>
<msg level="INFO" timestamp="20171121 14:55:07.697">Content of text field 'id=uname' is ''.</msg>
<status endtime="20171121 14:55:07.698" starttime="20171121 14:55:07.674" status="PASS"></status>
</kw>
<kw library="Selenium2Library" name="Textfield Value Should Be">
<doc>Verify the text field identified by &lt;b&gt;locator&lt;/b&gt; is exactly</doc>
<arguments>
<arg>id=age</arg>
<arg>${EMPTY}</arg>
</arguments>
<msg level="INFO" timestamp="20171121 14:55:07.724">Content of text field 'id=age' is ''.</msg>
<status endtime="20171121 14:55:07.725" starttime="20171121 14:55:07.699" status="PASS"></status>
</kw>
<kw library="Selenium2Library" name="Textfield Value Should Be">
<doc>Verify the text field identified by &lt;b&gt;locator&lt;/b&gt; is exactly</doc>
<arguments>
<arg>id=salary</arg>
<arg>${EMPTY}</arg>
</arguments>
<msg level="INFO" timestamp="20171121 14:55:07.751">Content of text field 'id=salary' is ''.</msg>
<status endtime="20171121 14:55:07.752" starttime="20171121 14:55:07.726" status="PASS"></status>
</kw>
<kw type="teardown" library="Selenium2Library" name="Close Browser">
<doc>Closes the current browser instance.&lt;br&gt;&lt;br&gt;&lt;b&gt;See Also:&lt;/b&gt;&lt;br&gt;&amp;nbsp;&amp;nbsp;&amp;nbsp;&amp;nbsp;`Close All Browsers`&lt;br&gt;&amp;nbsp;&amp;nbsp;&amp;nbsp;&amp;nbsp;`Open Browser`&lt;br&gt;&amp;nbsp;&amp;nbsp;&amp;nbsp;&amp;nbsp;`Switch Browser`&lt;br&gt;</doc>
<status endtime="20171121 14:55:10.056" starttime="20171121 14:55:07.754" status="PASS"></status>
</kw>
<status critical="yes" endtime="20171121 14:55:10.056" starttime="20171121 14:55:04.530" status="PASS"></status>
</test>
<test name="Add values and reset form with a long name" id="s1-s3-t5">
<kw type="setup" library="Selenium2Library" name="Open Browser">
<doc>Opens a new browser instance to given URL.&lt;br&gt;</doc>
<arguments>
<arg>http://localhost:8080/SpringBootCRUDApp/</arg>
<arg>chrome</arg>
</arguments>
<msg level="INFO" timestamp="20171121 14:55:10.062">browserName: chrome</msg>
<msg level="INFO" timestamp="20171121 14:55:10.064">Opening browser 'chrome' to base url 'http://localhost:8080/SpringBootCRUDApp/'</msg>
<msg level="INFO" timestamp="20171121 14:55:12.589">Starting ChromeDriver 2.33.506120 (e3e53437346286c0bc2d2dc9aa4915ba81d9023f) on port 48649
Only local connections are allowed.</msg>
<status endtime="20171121 14:55:12.590" starttime="20171121 14:55:10.059" status="PASS"></status>
</kw>
<kw library="Selenium2Library" name="Input Text">
<doc>Types the given &lt;b&gt;text&lt;/b&gt; into the text field identified by</doc>
<arguments>
<arg>id=uname</arg>
<arg>Prince-Fritz-Cruene-August-Willem-Jan-Hendrik-Dick</arg>
</arguments>
<msg level="INFO" timestamp="20171121 14:55:12.595">Typing text 'Prince-Fritz-Cruene-August-Willem-Jan-Hendrik-Dick' into text field 'id=uname'</msg>
<status endtime="20171121 14:55:12.895" starttime="20171121 14:55:12.591" status="PASS"></status>
</kw>
<kw library="Selenium2Library" name="Input Text">
<doc>Types the given &lt;b&gt;text&lt;/b&gt; into the text field identified by</doc>
<arguments>
<arg>id=age</arg>
<arg>53</arg>
</arguments>
<msg level="INFO" timestamp="20171121 14:55:12.898">Typing text '53' into text field 'id=age'</msg>
<status endtime="20171121 14:55:12.986" starttime="20171121 14:55:12.896" status="PASS"></status>
</kw>
<kw library="Selenium2Library" name="Input Text">
<doc>Types the given &lt;b&gt;text&lt;/b&gt; into the text field identified by</doc>
<arguments>
<arg>id=salary</arg>
<arg>100000</arg>
</arguments>
<msg level="INFO" timestamp="20171121 14:55:12.990">Typing text '100000' into text field 'id=salary'</msg>
<status endtime="20171121 14:55:13.085" starttime="20171121 14:55:12.988" status="PASS"></status>
</kw>
<kw library="Selenium2Library" name="Textfield Value Should Be">
<doc>Verify the text field identified by &lt;b&gt;locator&lt;/b&gt; is exactly</doc>
<arguments>
<arg>id=uname</arg>
<arg>Prince-Fritz-Cruene-August-Willem-Jan-Hendrik-Dick</arg>
</arguments>
<msg level="INFO" timestamp="20171121 14:55:13.113">Content of text field 'id=uname' is 'Prince-Fritz-Cruene-August-Willem-Jan-Hendrik-Dick'.</msg>
<status endtime="20171121 14:55:13.114" starttime="20171121 14:55:13.087" status="PASS"></status>
</kw>
<kw library="Selenium2Library" name="Textfield Value Should Be">
<doc>Verify the text field identified by &lt;b&gt;locator&lt;/b&gt; is exactly</doc>
<arguments>
<arg>id=age</arg>
<arg>53</arg>
</arguments>
<msg level="INFO" timestamp="20171121 14:55:13.141">Content of text field 'id=age' is '53'.</msg>
<status endtime="20171121 14:55:13.142" starttime="20171121 14:55:13.114" status="PASS"></status>
</kw>
<kw library="Selenium2Library" name="Textfield Value Should Be">
<doc>Verify the text field identified by &lt;b&gt;locator&lt;/b&gt; is exactly</doc>
<arguments>
<arg>id=salary</arg>
<arg>100000</arg>
</arguments>
<msg level="INFO" timestamp="20171121 14:55:13.166">Content of text field 'id=salary' is '100000'.</msg>
<status endtime="20171121 14:55:13.167" starttime="20171121 14:55:13.143" status="PASS"></status>
</kw>
<kw library="Selenium2Library" name="Click Button">
<doc>Click on the button identified by &lt;b&gt;locator&lt;/b&gt;.&lt;br&gt;</doc>
<arguments>
<arg>id=reset</arg>
</arguments>
<msg level="INFO" timestamp="20171121 14:55:13.172">Clicking button 'id=reset'.</msg>
<status endtime="20171121 14:55:13.249" starttime="20171121 14:55:13.169" status="PASS"></status>
</kw>
<kw library="Selenium2Library" name="Textfield Value Should Be">
<doc>Verify the text field identified by &lt;b&gt;locator&lt;/b&gt; is exactly</doc>
<arguments>
<arg>id=uname</arg>
<arg>${EMPTY}</arg>
</arguments>
<msg level="INFO" timestamp="20171121 14:55:13.278">Content of text field 'id=uname' is ''.</msg>
<status endtime="20171121 14:55:13.280" starttime="20171121 14:55:13.250" status="PASS"></status>
</kw>
<kw library="Selenium2Library" name="Textfield Value Should Be">
<doc>Verify the text field identified by &lt;b&gt;locator&lt;/b&gt; is exactly</doc>
<arguments>
<arg>id=age</arg>
<arg>${EMPTY}</arg>
</arguments>
<msg level="INFO" timestamp="20171121 14:55:13.313">Content of text field 'id=age' is ''.</msg>
<status endtime="20171121 14:55:13.314" starttime="20171121 14:55:13.283" status="PASS"></status>
</kw>
<kw library="Selenium2Library" name="Textfield Value Should Be">
<doc>Verify the text field identified by &lt;b&gt;locator&lt;/b&gt; is exactly</doc>
<arguments>
<arg>id=salary</arg>
<arg>${EMPTY}</arg>
</arguments>
<msg level="INFO" timestamp="20171121 14:55:13.343">Content of text field 'id=salary' is ''.</msg>
<status endtime="20171121 14:55:13.345" starttime="20171121 14:55:13.315" status="PASS"></status>
</kw>
<kw type="teardown" library="Selenium2Library" name="Close Browser">
<doc>Closes the current browser instance.&lt;br&gt;&lt;br&gt;&lt;b&gt;See Also:&lt;/b&gt;&lt;br&gt;&amp;nbsp;&amp;nbsp;&amp;nbsp;&amp;nbsp;`Close All Browsers`&lt;br&gt;&amp;nbsp;&amp;nbsp;&amp;nbsp;&amp;nbsp;`Open Browser`&lt;br&gt;&amp;nbsp;&amp;nbsp;&amp;nbsp;&amp;nbsp;`Switch Browser`&lt;br&gt;</doc>
<status endtime="20171121 14:55:15.627" starttime="20171121 14:55:13.346" status="PASS"></status>
</kw>
<status critical="yes" endtime="20171121 14:55:15.628" starttime="20171121 14:55:10.058" status="PASS"></status>
</test>
<test name="Edit user" id="s1-s3-t6">
<kw type="setup" library="Selenium2Library" name="Open Browser">
<doc>Opens a new browser instance to given URL.&lt;br&gt;</doc>
<arguments>
<arg>http://localhost:8080/SpringBootCRUDApp/</arg>
<arg>chrome</arg>
</arguments>
<msg level="INFO" timestamp="20171121 14:55:15.634">browserName: chrome</msg>
<msg level="INFO" timestamp="20171121 14:55:15.636">Opening browser 'chrome' to base url 'http://localhost:8080/SpringBootCRUDApp/'</msg>
<msg level="INFO" timestamp="20171121 14:55:18.138">Starting ChromeDriver 2.33.506120 (e3e53437346286c0bc2d2dc9aa4915ba81d9023f) on port 25256
Only local connections are allowed.</msg>
<status endtime="20171121 14:55:18.140" starttime="20171121 14:55:15.631" status="PASS"></status>
</kw>
<kw library="Selenium2Library" name="Input Text">
<doc>Types the given &lt;b&gt;text&lt;/b&gt; into the text field identified by</doc>
<arguments>
<arg>id=uname</arg>
<arg>Harrold</arg>
</arguments>
<msg level="INFO" timestamp="20171121 14:55:18.146">Typing text 'Harrold' into text field 'id=uname'</msg>
<status endtime="20171121 14:55:18.304" starttime="20171121 14:55:18.141" status="PASS"></status>
</kw>
<kw library="Selenium2Library" name="Input Text">
<doc>Types the given &lt;b&gt;text&lt;/b&gt; into the text field identified by</doc>
<arguments>
<arg>id=age</arg>
<arg>43</arg>
</arguments>
<msg level="INFO" timestamp="20171121 14:55:18.307">Typing text '43' into text field 'id=age'</msg>
<status endtime="20171121 14:55:18.393" starttime="20171121 14:55:18.305" status="PASS"></status>
</kw>
<kw library="Selenium2Library" name="Input Text">
<doc>Types the given &lt;b&gt;text&lt;/b&gt; into the text field identified by</doc>
<arguments>
<arg>id=salary</arg>
<arg>20000</arg>
</arguments>
<msg level="INFO" timestamp="20171121 14:55:18.397">Typing text '20000' into text field 'id=salary'</msg>
<status endtime="20171121 14:55:18.501" starttime="20171121 14:55:18.394" status="PASS"></status>
</kw>
<kw library="Selenium2Library" name="Textfield Value Should Be">
<doc>Verify the text field identified by &lt;b&gt;locator&lt;/b&gt; is exactly</doc>
<arguments>
<arg>id=uname</arg>
<arg>Harrold</arg>
</arguments>
<msg level="INFO" timestamp="20171121 14:55:18.527">Content of text field 'id=uname' is 'Harrold'.</msg>
<status endtime="20171121 14:55:18.527" starttime="20171121 14:55:18.502" status="PASS"></status>
</kw>
<kw library="Selenium2Library" name="Textfield Value Should Be">
<doc>Verify the text field identified by &lt;b&gt;locator&lt;/b&gt; is exactly</doc>
<arguments>
<arg>id=age</arg>
<arg>43</arg>
</arguments>
<msg level="INFO" timestamp="20171121 14:55:18.557">Content of text field 'id=age' is '43'.</msg>
<status endtime="20171121 14:55:18.558" starttime="20171121 14:55:18.528" status="PASS"></status>
</kw>
<kw library="Selenium2Library" name="Textfield Value Should Be">
<doc>Verify the text field identified by &lt;b&gt;locator&lt;/b&gt; is exactly</doc>
<arguments>
<arg>id=salary</arg>
<arg>20000</arg>
</arguments>
<msg level="INFO" timestamp="20171121 14:55:18.589">Content of text field 'id=salary' is '20000'.</msg>
<status endtime="20171121 14:55:18.590" starttime="20171121 14:55:18.559" status="PASS"></status>
</kw>
<kw library="Selenium2Library" name="Click Button">
<doc>Click on the button identified by &lt;b&gt;locator&lt;/b&gt;.&lt;br&gt;</doc>
<arguments>
<arg>id=submit</arg>
</arguments>
<msg level="INFO" timestamp="20171121 14:55:18.594">Clicking button 'id=submit'.</msg>
<status endtime="20171121 14:55:18.666" starttime="20171121 14:55:18.591" status="PASS"></status>
</kw>
<kw library="Selenium2Library" name="Wait Until Page Contains Element">
<doc>Waits until the element identified by &lt;b&gt;locator&lt;/b&gt; is found on the</doc>
<arguments>
<arg>id=alert-success</arg>
</arguments>
<status endtime="20171121 14:55:18.704" starttime="20171121 14:55:18.668" status="PASS"></status>
</kw>
<kw library="Selenium2Library" name="Element Should Contain">
<doc>Verify the element identified by &lt;b&gt;locator&lt;/b&gt; contains &lt;b&gt;text&lt;/b&gt;.&lt;br&gt;</doc>
<arguments>
<arg>id=alert-success</arg>
<arg>success</arg>
</arguments>
<msg level="INFO" timestamp="20171121 14:55:18.740">Element Should Contain: success =&gt; OK</msg>
<status endtime="20171121 14:55:18.740" starttime="20171121 14:55:18.706" status="PASS"></status>
</kw>
<kw library="Selenium2Library" name="Click Element">
<doc>Click on the element identified by &lt;b&gt;locator&lt;/b&gt;.&lt;br&gt;</doc>
<arguments>
<arg>//html[@class='ng-scope']/body/div[@class='ng-scope']/div[@class='generic-container ng-scope']/div[@class='panel panel-default'][2]/div[@class='panel-body']/div[@class='table-responsive']/table[@class='table table-hover']/tbody/tr[@class='ng-scope']/td[5]/button[@class='btn btn-success custom-width edit']</arg>
</arguments>
<msg level="INFO" timestamp="20171121 14:55:18.743">Clicking element '//html[@class='ng-scope']/body/div[@class='ng-scope']/div[@class='generic-container ng-scope']/div[@class='panel panel-default'][2]/div[@class='panel-body']/div[@class='table-responsive']/table[@class='table table-hover']/tbody/tr[@class='ng-scope']/td[5]/button[@class='btn btn-success custom-width edit']'.</msg>
<status endtime="20171121 14:55:18.820" starttime="20171121 14:55:18.741" status="PASS"></status>
</kw>
<kw library="Selenium2Library" name="Input Text">
<doc>Types the given &lt;b&gt;text&lt;/b&gt; into the text field identified by</doc>
<arguments>
<arg>id=uname</arg>
<arg>Lennard</arg>
</arguments>
<msg level="INFO" timestamp="20171121 14:55:18.824">Typing text 'Lennard' into text field 'id=uname'</msg>
<status endtime="20171121 14:55:18.905" starttime="20171121 14:55:18.821" status="PASS"></status>
</kw>
<kw library="Selenium2Library" name="Input Text">
<doc>Types the given &lt;b&gt;text&lt;/b&gt; into the text field identified by</doc>
<arguments>
<arg>id=age</arg>
<arg>42</arg>
</arguments>
<msg level="INFO" timestamp="20171121 14:55:18.908">Typing text '42' into text field 'id=age'</msg>
<status endtime="20171121 14:55:18.949" starttime="20171121 14:55:18.906" status="PASS"></status>
</kw>
<kw library="Selenium2Library" name="Input Text">
<doc>Types the given &lt;b&gt;text&lt;/b&gt; into the text field identified by</doc>
<arguments>
<arg>id=salary</arg>
<arg>10000</arg>
</arguments>
<msg level="INFO" timestamp="20171121 14:55:18.953">Typing text '10000' into text field 'id=salary'</msg>
<status endtime="20171121 14:55:19.006" starttime="20171121 14:55:18.950" status="PASS"></status>
</kw>
<kw library="Selenium2Library" name="Textfield Value Should Be">
<doc>Verify the text field identified by &lt;b&gt;locator&lt;/b&gt; is exactly</doc>
<arguments>
<arg>id=uname</arg>
<arg>Lennard</arg>
</arguments>
<msg level="INFO" timestamp="20171121 14:55:19.040">Content of text field 'id=uname' is 'Lennard'.</msg>
<status endtime="20171121 14:55:19.042" starttime="20171121 14:55:19.008" status="PASS"></status>
</kw>
<kw library="Selenium2Library" name="Textfield Value Should Be">
<doc>Verify the text field identified by &lt;b&gt;locator&lt;/b&gt; is exactly</doc>
<arguments>
<arg>id=age</arg>
<arg>42</arg>
</arguments>
<msg level="INFO" timestamp="20171121 14:55:19.090">Content of text field 'id=age' is '42'.</msg>
<status endtime="20171121 14:55:19.092" starttime="20171121 14:55:19.045" status="PASS"></status>
</kw>
<kw library="Selenium2Library" name="Textfield Value Should Be">
<doc>Verify the text field identified by &lt;b&gt;locator&lt;/b&gt; is exactly</doc>
<arguments>
<arg>id=salary</arg>
<arg>10000</arg>
</arguments>
<msg level="INFO" timestamp="20171121 14:55:19.130">Content of text field 'id=salary' is '10000'.</msg>
<status endtime="20171121 14:55:19.132" starttime="20171121 14:55:19.094" status="PASS"></status>
</kw>
<kw library="Selenium2Library" name="Click Button">
<doc>Click on the button identified by &lt;b&gt;locator&lt;/b&gt;.&lt;br&gt;</doc>
<arguments>
<arg>id=submit</arg>
</arguments>
<msg level="INFO" timestamp="20171121 14:55:19.140">Clicking button 'id=submit'.</msg>
<status endtime="20171121 14:55:19.225" starttime="20171121 14:55:19.135" status="PASS"></status>
</kw>
<kw library="Selenium2Library" name="Wait Until Page Contains Element">
<doc>Waits until the element identified by &lt;b&gt;locator&lt;/b&gt; is found on the</doc>
<arguments>
<arg>id=alert-success</arg>
</arguments>
<status endtime="20171121 14:55:19.247" starttime="20171121 14:55:19.226" status="PASS"></status>
</kw>
<kw library="Selenium2Library" name="Element Should Contain">
<doc>Verify the element identified by &lt;b&gt;locator&lt;/b&gt; contains &lt;b&gt;text&lt;/b&gt;.&lt;br&gt;</doc>
<arguments>
<arg>id=alert-success</arg>
<arg>updated</arg>
</arguments>
<msg level="INFO" timestamp="20171121 14:55:19.291">Element Should Contain: updated =&gt; OK</msg>
<status endtime="20171121 14:55:19.292" starttime="20171121 14:55:19.249" status="PASS"></status>
</kw>
<kw type="teardown" library="Selenium2Library" name="Close Browser">
<doc>Closes the current browser instance.&lt;br&gt;&lt;br&gt;&lt;b&gt;See Also:&lt;/b&gt;&lt;br&gt;&amp;nbsp;&amp;nbsp;&amp;nbsp;&amp;nbsp;`Close All Browsers`&lt;br&gt;&amp;nbsp;&amp;nbsp;&amp;nbsp;&amp;nbsp;`Open Browser`&lt;br&gt;&amp;nbsp;&amp;nbsp;&amp;nbsp;&amp;nbsp;`Switch Browser`&lt;br&gt;</doc>
<status endtime="20171121 14:55:21.645" starttime="20171121 14:55:19.294" status="PASS"></status>
</kw>
<status critical="yes" endtime="20171121 14:55:21.646" starttime="20171121 14:55:15.630" status="PASS"></status>
</test>
<kw type="teardown" name="Clear Database">
<kw library="HttpRequestLibrary" name="Create Session">
<doc>Create a HTTP session to a server</doc>
<arguments>
<arg>CRUDAppTeardown</arg>
<arg>http://localhost:8080/SpringBootCRUDApp/api</arg>
<arg>debug=True</arg>
</arguments>
<status endtime="20171121 14:55:21.661" starttime="20171121 14:55:21.654" status="PASS"></status>
</kw>
<kw library="HttpRequestLibrary" name="Delete Request">
<doc> Send a DELETE request on the session object found using the</doc>
<arguments>
<arg>CRUDAppTeardown</arg>
<arg>/user/</arg>
</arguments>
<assign>
<var>${resp}</var>
</assign>
<msg level="INFO" timestamp="20171121 14:55:21.671">${resp} = {"status_code":204,"headers":{"Date":"Tue, 21 Nov 2017 13:55:21 GMT"}}</msg>
<status endtime="20171121 14:55:21.671" starttime="20171121 14:55:21.661" status="PASS"></status>
</kw>
<kw library="BuiltIn" name="Should Be Equal As Strings">
<doc>Fails if objects are unequal after converting them to strings.</doc>
<arguments>
<arg>${resp.status_code}</arg>
<arg>204</arg>
</arguments>
<msg level="INFO" timestamp="20171121 14:55:21.674">Argument types are:
&lt;type 'int'&gt;
&lt;type 'unicode'&gt;</msg>
<status endtime="20171121 14:55:21.674" starttime="20171121 14:55:21.672" status="PASS"></status>
</kw>
<status endtime="20171121 14:55:21.676" starttime="20171121 14:55:21.653" status="PASS"></status>
</kw>
<doc>A resource file containing the application specific keywords</doc>
<status endtime="20171121 14:55:21.676" starttime="20171121 14:54:47.848" status="PASS"></status>
</suite>
<status endtime="20171121 14:55:21.704" starttime="20171121 14:54:34.191" status="FAIL"></status>
</suite>
<statistics>
<total>
<stat pass="13" fail="2">Critical Tests</stat>
<stat pass="13" fail="2">All Tests</stat>
</total>
<tag>
<stat pass="7" fail="0">GET</stat>
</tag>
<suite>
<stat pass="13" fail="2" name="Acceptance" id="s1">Acceptance</stat>
<stat pass="7" fail="0" name="IntegrationTests" id="s1-s1">Acceptance.IntegrationTests</stat>
<stat pass="0" fail="2" name="ShouldFail" id="s1-s2">Acceptance.ShouldFail</stat>
<stat pass="6" fail="0" name="ShouldPass" id="s1-s3">Acceptance.ShouldPass</stat>
</suite>
</statistics>
<errors>
<msg level="ERROR" timestamp="20171121 14:54:34.082">Error in file 'D:\Data\VWissink\Documents\Framework Tries\BaselineProjectRobotSeleniumJava\src\test\robotframework\acceptance\ShouldPass.txt': Setting 'Suite Setup' used multiple times.</msg>
</errors>
</robot>
